#-----------------------------------------------------------
# Webtalk v2018.2.2 (64-bit)
# SW Build 2348494 on Mon Oct  1 18:25:44 MDT 2018
# 
# Start of session at: Sat Nov 29 17:57:24 2025
# Process ID: 38112
# Current directory: C:/Users/forsh/Desktop/Everything/Vivado_Labs/Lab_5_152_B3_29Nov/Lab_5_152_B3/Lab_5_152_B3.sdk/webtalk
# Command line: wbtcv.exe -mode batch -source sdk_webtalk.tcl
# Log file: C:/Users/forsh/Desktop/Everything/Vivado_Labs/Lab_5_152_B3_29Nov/Lab_5_152_B3/Lab_5_152_B3.sdk/webtalk/webtalk.log
# Journal file: C:/Users/forsh/Desktop/Everything/Vivado_Labs/Lab_5_152_B3_29Nov/Lab_5_152_B3/Lab_5_152_B3.sdk/webtalk\webtalk.jou
#-----------------------------------------------------------
source sdk_webtalk.tcl
# webtalk_init -webtalk_dir C:\\Users\\forsh\\Desktop\\Everything\\Vivado_Labs\\Lab_5_152_B3_29Nov\\Lab_5_152_B3\\Lab_5_152_B3.sdk\\webtalk
# webtalk_register_client -client project
# webtalk_add_data -client project -key date_generated -value "2025-11-29 17:57:23" -context "software_version_and_target_device"
# webtalk_add_data -client project -key product_version -value "SDK v2018.2" -context "software_version_and_target_device"
# webtalk_add_data -client project -key build_version -value "2018.2" -context "software_version_and_target_device"
# webtalk_add_data -client project -key os_platform -value "amd64" -context "software_version_and_target_device"
# webtalk_add_data -client project -key registration_id -value "" -context "software_version_and_target_device"
# webtalk_add_data -client project -key tool_flow -value "SDK" -context "software_version_and_target_device"
# webtalk_add_data -client project -key beta -value "false" -context "software_version_and_target_device"
# webtalk_add_data -client project -key route_design -value "NA" -context "software_version_and_target_device"
# webtalk_add_data -client project -key target_family -value "NA" -context "software_version_and_target_device"
# webtalk_add_data -client project -key target_device -value "NA" -context "software_version_and_target_device"
# webtalk_add_data -client project -key target_package -value "NA" -context "software_version_and_target_device"
# webtalk_add_data -client project -key target_speed -value "NA" -context "software_version_and_target_device"
# webtalk_add_data -client project -key random_id -value "1mjk0vkf3se17cotkre19uq7ap" -context "software_version_and_target_device"
# webtalk_add_data -client project -key project_id -value "2018.2_9" -context "software_version_and_target_device"
# webtalk_add_data -client project -key project_iteration -value "9" -context "software_version_and_target_device"
# webtalk_add_data -client project -key os_name -value "Microsoft Windows 8 or later , 64-bit" -context "user_environment"
# webtalk_add_data -client project -key os_release -value "major release  (build 9200)" -context "user_environment"
# webtalk_add_data -client project -key cpu_name -value "AMD Ryzen 9 9900X 12-Core Processor            " -context "user_environment"
# webtalk_add_data -client project -key cpu_speed -value "4400 MHz" -context "user_environment"
# webtalk_add_data -client project -key total_processors -value "2" -context "user_environment"
# webtalk_add_data -client project -key system_ram -value "33.432 GB" -context "user_environment"
# webtalk_register_client -client sdk
# webtalk_add_data -client sdk -key uid -value "1764466263699" -context "sdk\\\\bsp/1764466263699"
# webtalk_add_data -client sdk -key hwid -value "1764465751414" -context "sdk\\\\bsp/1764466263699"
# webtalk_add_data -client sdk -key os -value "standalone" -context "sdk\\\\bsp/1764466263699"
# webtalk_add_data -client sdk -key apptemplate -value "null" -context "sdk\\\\bsp/1764466263699"
# webtalk_add_data -client sdk -key RecordType -value "BSPCreation" -context "sdk\\\\bsp/1764466263699"
# webtalk_add_data -client sdk -key uid -value "NA" -context "sdk\\\\bsp/1764467843473"
# webtalk_add_data -client sdk -key RecordType -value "ToolUsage" -context "sdk\\\\bsp/1764467843473"
# webtalk_add_data -client sdk -key BootgenCount -value "0" -context "sdk\\\\bsp/1764467843473"
# webtalk_add_data -client sdk -key DebugCount -value "7" -context "sdk\\\\bsp/1764467843473"
# webtalk_add_data -client sdk -key PerfCount -value "0" -context "sdk\\\\bsp/1764467843473"
# webtalk_add_data -client sdk -key FlashCount -value "0" -context "sdk\\\\bsp/1764467843473"
# webtalk_add_data -client sdk -key CrossTriggCount -value "0" -context "sdk\\\\bsp/1764467843473"
# webtalk_add_data -client sdk -key QemuDebugCount -value "0" -context "sdk\\\\bsp/1764467843473"
# webtalk_transmit -clientid 1759416395 -regid "" -xml C:\\Users\\forsh\\Desktop\\Everything\\Vivado_Labs\\Lab_5_152_B3_29Nov\\Lab_5_152_B3\\Lab_5_152_B3.sdk\\webtalk\\usage_statistics_ext_sdk.xml -html C:\\Users\\forsh\\Desktop\\Everything\\Vivado_Labs\\Lab_5_152_B3_29Nov\\Lab_5_152_B3\\Lab_5_152_B3.sdk\\webtalk\\usage_statistics_ext_sdk.html -wdm C:\\Users\\forsh\\Desktop\\Everything\\Vivado_Labs\\Lab_5_152_B3_29Nov\\Lab_5_152_B3\\Lab_5_152_B3.sdk\\webtalk\\sdk_webtalk.wdm -intro "<H3>SDK Usage Report</H3><BR>"
# webtalk_terminate
INFO: [Common 17-206] Exiting Webtalk at Sat Nov 29 17:57:26 2025...
