
*** Running vivado
    with args -log top.vds -m64 -product Vivado -mode batch -messageDb vivado.pb -notrace -source top.tcl


****** Vivado v2018.2.2 (64-bit)
  **** SW Build 2348494 on Mon Oct  1 18:25:44 MDT 2018
  **** IP Build 2318053 on Mon Oct  1 21:44:26 MDT 2018
    ** Copyright 1986-2018 Xilinx, Inc. All Rights Reserved.

source top.tcl -notrace
INFO: [IP_Flow 19-234] Refreshing IP repositories
INFO: [IP_Flow 19-1700] Loaded user IP repository 'c:/Users/forsh/Desktop/Everything/Vivado_Labs/Lab_5_152_B3_29Nov/ip_repo/myip_1.0'.
WARNING: [IP_Flow 19-2207] Repository 'c:/Users/forsh/Desktop/Everything/Vivado_Labs/Lab_5_152_B3_29Nov/ip_repo/myip_1.0' already exists; ignoring attempt to add it again.
INFO: [IP_Flow 19-1700] Loaded user IP repository 'c:/Users/forsh/Desktop/Everything/Vivado_Labs/Lab_5_152_B3_29Nov/ip_repo/myip_1.0'.
WARNING: [IP_Flow 19-2207] Repository 'c:/Users/forsh/Desktop/Everything/Vivado_Labs/Lab_5_152_B3_29Nov/ip_repo/myip_1.0' already exists; ignoring attempt to add it again.
INFO: [IP_Flow 19-1700] Loaded user IP repository 'c:/Users/forsh/Desktop/Everything/Vivado_Labs/Lab_5_152_B3_29Nov/ip_repo/myip_1.0'.
WARNING: [IP_Flow 19-2207] Repository 'c:/Users/forsh/Desktop/Everything/Vivado_Labs/Lab_5_152_B3_29Nov/ip_repo/myip_1.0' already exists; ignoring attempt to add it again.
INFO: [IP_Flow 19-1700] Loaded user IP repository 'c:/Users/forsh/Desktop/Everything/Vivado_Labs/Lab_5_152_B3_29Nov/ip_repo/myip_1.0'.
WARNING: [IP_Flow 19-2207] Repository 'c:/Users/forsh/Desktop/Everything/Vivado_Labs/Lab_5_152_B3_29Nov/ip_repo/myip_1.0' already exists; ignoring attempt to add it again.
INFO: [IP_Flow 19-1700] Loaded user IP repository 'c:/Users/forsh/Desktop/Everything/Vivado_Labs/Lab_5_152_B3_29Nov/ip_repo/myip_1.0'.
WARNING: [IP_Flow 19-2207] Repository 'c:/Users/forsh/Desktop/Everything/Vivado_Labs/Lab_5_152_B3_29Nov/ip_repo/myip_1.0' already exists; ignoring attempt to add it again.
INFO: [IP_Flow 19-1700] Loaded user IP repository 'c:/Users/forsh/Desktop/Everything/Vivado_Labs/Lab_5_152_B3_29Nov/ip_repo/myip_1.0'.
WARNING: [IP_Flow 19-2207] Repository 'c:/Users/forsh/Desktop/Everything/Vivado_Labs/Lab_5_152_B3_29Nov/ip_repo/myip_1.0' already exists; ignoring attempt to add it again.
INFO: [IP_Flow 19-1700] Loaded user IP repository 'c:/Users/forsh/Desktop/Everything/Vivado_Labs/Lab_5_152_B3_29Nov/ip_repo/myip_1.0'.
WARNING: [IP_Flow 19-2207] Repository 'c:/Users/forsh/Desktop/Everything/Vivado_Labs/Lab_5_152_B3_29Nov/ip_repo/myip_1.0' already exists; ignoring attempt to add it again.
INFO: [IP_Flow 19-1700] Loaded user IP repository 'c:/Users/forsh/Desktop/Everything/Vivado_Labs/Lab_5_152_B3_29Nov/ip_repo/myip_1.0'.
INFO: [IP_Flow 19-1700] Loaded user IP repository 'c:/Users/forsh/Desktop/Everything/Vivado_Labs/Lab_5_152_B3_29Nov/Lab_5_152_B3/Lab_5_152_B3.srcs'.
INFO: [IP_Flow 19-2313] Loaded Vivado IP repository 'C:/Xilinx/Vivado/2018.2/data/ip'.
Command: synth_design -top top -part xc7a35tcpg236-1
Starting synth_design
Attempting to get a license for feature 'Synthesis' and/or device 'xc7a35t'
INFO: [Common 17-349] Got license for feature 'Synthesis' and/or device 'xc7a35t'
INFO: Launching helper process for spawning children vivado processes
INFO: Helper process launched with PID 26324 
WARNING: [Synth 8-2644] root scope declaration is not allowed in verilog 95/2K mode [C:/Users/forsh/Desktop/Everything/Vivado_Labs/Lab_5_152_B3_29Nov/Lab_5_152_B3/Lab_5_152_B3.srcs/sources_1/imports/new/clock_definitions.v:1]
WARNING: [Synth 8-2644] root scope declaration is not allowed in verilog 95/2K mode [C:/Users/forsh/Desktop/Everything/Vivado_Labs/Lab_5_152_B3_29Nov/Lab_5_152_B3/Lab_5_152_B3.srcs/sources_1/imports/new/clock_definitions.v:2]
WARNING: [Synth 8-2644] root scope declaration is not allowed in verilog 95/2K mode [C:/Users/forsh/Desktop/Everything/Vivado_Labs/Lab_5_152_B3_29Nov/Lab_5_152_B3/Lab_5_152_B3.srcs/sources_1/imports/new/clock_definitions.v:3]
WARNING: [Synth 8-2644] root scope declaration is not allowed in verilog 95/2K mode [C:/Users/forsh/Desktop/Everything/Vivado_Labs/Lab_5_152_B3_29Nov/Lab_5_152_B3/Lab_5_152_B3.srcs/sources_1/imports/new/clock_definitions.v:9]
---------------------------------------------------------------------------------
Starting RTL Elaboration : Time (s): cpu = 00:00:01 ; elapsed = 00:00:01 . Memory (MB): peak = 484.539 ; gain = 112.750
---------------------------------------------------------------------------------
INFO: [Synth 8-6157] synthesizing module 'top' [C:/Users/forsh/Desktop/Everything/Vivado_Labs/Lab_5_152_B3_29Nov/Lab_5_152_B3/Lab_5_152_B3.srcs/sources_1/imports/new/top.v:3]
INFO: [Synth 8-6157] synthesizing module 'btn_debounce' [C:/Users/forsh/Desktop/Everything/Vivado_Labs/Lab_5_152_B3_29Nov/Lab_5_152_B3/Lab_5_152_B3.srcs/sources_1/imports/new/btn_debounce.v:3]
INFO: [Synth 8-6155] done synthesizing module 'btn_debounce' (1#1) [C:/Users/forsh/Desktop/Everything/Vivado_Labs/Lab_5_152_B3_29Nov/Lab_5_152_B3/Lab_5_152_B3.srcs/sources_1/imports/new/btn_debounce.v:3]
INFO: [Synth 8-6157] synthesizing module 'vga_controller' [C:/Users/forsh/Desktop/Everything/Vivado_Labs/Lab_5_152_B3_29Nov/Lab_5_152_B3/Lab_5_152_B3.srcs/sources_1/imports/new/vga_controller.v:21]
	Parameter HD bound to: 640 - type: integer 
	Parameter HF bound to: 48 - type: integer 
	Parameter HB bound to: 16 - type: integer 
	Parameter HR bound to: 96 - type: integer 
	Parameter HMAX bound to: 799 - type: integer 
	Parameter VD bound to: 480 - type: integer 
	Parameter VF bound to: 10 - type: integer 
	Parameter VB bound to: 33 - type: integer 
	Parameter VR bound to: 2 - type: integer 
	Parameter VMAX bound to: 524 - type: integer 
INFO: [Synth 8-6155] done synthesizing module 'vga_controller' (2#1) [C:/Users/forsh/Desktop/Everything/Vivado_Labs/Lab_5_152_B3_29Nov/Lab_5_152_B3/Lab_5_152_B3.srcs/sources_1/imports/new/vga_controller.v:21]
INFO: [Synth 8-6157] synthesizing module 'pixel_gen' [C:/Users/forsh/Desktop/Everything/Vivado_Labs/Lab_5_152_B3_29Nov/Lab_5_152_B3/Lab_5_152_B3.srcs/sources_1/imports/new/pixel_gen.v:3]
	Parameter PLAYER_SIZE bound to: 128 - type: integer 
	Parameter PLAT_W bound to: 128 - type: integer 
	Parameter PLAT_H bound to: 32 - type: integer 
	Parameter ZONE_TOP_Y bound to: 16'b0000000000110000 
	Parameter ZONE_MID_Y bound to: 16'b0000000011110000 
	Parameter ZONE_BOT_Y bound to: 16'b0000000110110000 
	Parameter WYVERN_W bound to: 32 - type: integer 
	Parameter WYVERN_H bound to: 32 - type: integer 
	Parameter BULLET_W bound to: 8 - type: integer 
	Parameter BULLET_H bound to: 4 - type: integer 
INFO: [Synth 8-5534] Detected attribute (* ram_style = "block" *) [C:/Users/forsh/Desktop/Everything/Vivado_Labs/Lab_5_152_B3_29Nov/Lab_5_152_B3/Lab_5_152_B3.srcs/sources_1/imports/new/pixel_gen.v:36]
INFO: [Synth 8-5534] Detected attribute (* ram_style = "block" *) [C:/Users/forsh/Desktop/Everything/Vivado_Labs/Lab_5_152_B3_29Nov/Lab_5_152_B3/Lab_5_152_B3.srcs/sources_1/imports/new/pixel_gen.v:215]
INFO: [Synth 8-6157] synthesizing module 'sprite_rom' [C:/Users/forsh/Desktop/Everything/Vivado_Labs/Lab_5_152_B3_29Nov/Lab_5_152_B3/Lab_5_152_B3.srcs/sources_1/new/sprite_rom.v:3]
INFO: [Synth 8-5534] Detected attribute (* rom_style = "block" *) [C:/Users/forsh/Desktop/Everything/Vivado_Labs/Lab_5_152_B3_29Nov/Lab_5_152_B3/Lab_5_152_B3.srcs/sources_1/new/sprite_rom.v:13]
INFO: [Synth 8-6155] done synthesizing module 'sprite_rom' (3#1) [C:/Users/forsh/Desktop/Everything/Vivado_Labs/Lab_5_152_B3_29Nov/Lab_5_152_B3/Lab_5_152_B3.srcs/sources_1/new/sprite_rom.v:3]
INFO: [Synth 8-6157] synthesizing module 'textGeneration' [C:/Users/forsh/Desktop/Everything/Vivado_Labs/Lab_5_152_B3_29Nov/Lab_5_152_B3/Lab_5_152_B3.srcs/sources_1/imports/new/textGeneration.v:1]
INFO: [Synth 8-6155] done synthesizing module 'textGeneration' (4#1) [C:/Users/forsh/Desktop/Everything/Vivado_Labs/Lab_5_152_B3_29Nov/Lab_5_152_B3/Lab_5_152_B3.srcs/sources_1/imports/new/textGeneration.v:1]
INFO: [Synth 8-6157] synthesizing module 'ascii_rom' [C:/Users/forsh/Desktop/Everything/Vivado_Labs/Lab_5_152_B3_29Nov/Lab_5_152_B3/Lab_5_152_B3.srcs/sources_1/imports/new/ascii_rom.v:1]
INFO: [Synth 8-155] case statement is not full and has no default [C:/Users/forsh/Desktop/Everything/Vivado_Labs/Lab_5_152_B3_29Nov/Lab_5_152_B3/Lab_5_152_B3.srcs/sources_1/imports/new/ascii_rom.v:16]
INFO: [Synth 8-6155] done synthesizing module 'ascii_rom' (5#1) [C:/Users/forsh/Desktop/Everything/Vivado_Labs/Lab_5_152_B3_29Nov/Lab_5_152_B3/Lab_5_152_B3.srcs/sources_1/imports/new/ascii_rom.v:1]
INFO: [Synth 8-6155] done synthesizing module 'pixel_gen' (6#1) [C:/Users/forsh/Desktop/Everything/Vivado_Labs/Lab_5_152_B3_29Nov/Lab_5_152_B3/Lab_5_152_B3.srcs/sources_1/imports/new/pixel_gen.v:3]
INFO: [Synth 8-6157] synthesizing module 'clock_manager' [C:/Users/forsh/Desktop/Everything/Vivado_Labs/Lab_5_152_B3_29Nov/Lab_5_152_B3/Lab_5_152_B3.srcs/sources_1/imports/new/clock_manager.v:4]
	Parameter fastHz bound to: 200000 - type: integer 
	Parameter oneHz bound to: 50000000 - type: integer 
	Parameter btnHz bound to: 6250000 - type: integer 
	Parameter blank bound to: 7'b1111111 
INFO: [Synth 8-6155] done synthesizing module 'clock_manager' (7#1) [C:/Users/forsh/Desktop/Everything/Vivado_Labs/Lab_5_152_B3_29Nov/Lab_5_152_B3/Lab_5_152_B3.srcs/sources_1/imports/new/clock_manager.v:4]
INFO: [Synth 8-6157] synthesizing module 'counter_basys' [C:/Users/forsh/Desktop/Everything/Vivado_Labs/Lab_5_152_B3_29Nov/Lab_5_152_B3/Lab_5_152_B3.srcs/sources_1/new/counter_basys.v:17]
INFO: [Synth 8-226] default block is never used [C:/Users/forsh/Desktop/Everything/Vivado_Labs/Lab_5_152_B3_29Nov/Lab_5_152_B3/Lab_5_152_B3.srcs/sources_1/new/counter_basys.v:92]
INFO: [Synth 8-6155] done synthesizing module 'counter_basys' (8#1) [C:/Users/forsh/Desktop/Everything/Vivado_Labs/Lab_5_152_B3_29Nov/Lab_5_152_B3/Lab_5_152_B3.srcs/sources_1/new/counter_basys.v:17]
INFO: [Synth 8-6157] synthesizing module 'Game_Design_wrapper' [C:/Users/forsh/Desktop/Everything/Vivado_Labs/Lab_5_152_B3_29Nov/Lab_5_152_B3/Lab_5_152_B3.srcs/sources_1/bd/Game_Design/hdl/Game_Design_wrapper.v:12]
INFO: [Synth 8-6157] synthesizing module 'Game_Design' [C:/Users/forsh/Desktop/Everything/Vivado_Labs/Lab_5_152_B3_29Nov/Lab_5_152_B3/Lab_5_152_B3.srcs/sources_1/bd/Game_Design/synth/Game_Design.v:13]
INFO: [Synth 8-6157] synthesizing module 'Game_Design_axi_uartlite_0_0' [C:/Users/forsh/Desktop/Everything/Vivado_Labs/Lab_5_152_B3_29Nov/Lab_5_152_B3/Lab_5_152_B3.runs/synth_1/.Xil/Vivado-33904-ShelbyPC/realtime/Game_Design_axi_uartlite_0_0_stub.v:6]
INFO: [Synth 8-6155] done synthesizing module 'Game_Design_axi_uartlite_0_0' (9#1) [C:/Users/forsh/Desktop/Everything/Vivado_Labs/Lab_5_152_B3_29Nov/Lab_5_152_B3/Lab_5_152_B3.runs/synth_1/.Xil/Vivado-33904-ShelbyPC/realtime/Game_Design_axi_uartlite_0_0_stub.v:6]
WARNING: [Synth 8-350] instance 'axi_uartlite_0' of module 'Game_Design_axi_uartlite_0_0' requires 22 connections, but only 21 given [C:/Users/forsh/Desktop/Everything/Vivado_Labs/Lab_5_152_B3_29Nov/Lab_5_152_B3/Lab_5_152_B3.srcs/sources_1/bd/Game_Design/synth/Game_Design.v:211]
INFO: [Synth 8-6157] synthesizing module 'Game_Design_clk_wiz_0_0' [C:/Users/forsh/Desktop/Everything/Vivado_Labs/Lab_5_152_B3_29Nov/Lab_5_152_B3/Lab_5_152_B3.runs/synth_1/.Xil/Vivado-33904-ShelbyPC/realtime/Game_Design_clk_wiz_0_0_stub.v:5]
INFO: [Synth 8-6155] done synthesizing module 'Game_Design_clk_wiz_0_0' (10#1) [C:/Users/forsh/Desktop/Everything/Vivado_Labs/Lab_5_152_B3_29Nov/Lab_5_152_B3/Lab_5_152_B3.runs/synth_1/.Xil/Vivado-33904-ShelbyPC/realtime/Game_Design_clk_wiz_0_0_stub.v:5]
INFO: [Synth 8-6157] synthesizing module 'Game_Design_mdm_1_0' [C:/Users/forsh/Desktop/Everything/Vivado_Labs/Lab_5_152_B3_29Nov/Lab_5_152_B3/Lab_5_152_B3.runs/synth_1/.Xil/Vivado-33904-ShelbyPC/realtime/Game_Design_mdm_1_0_stub.v:6]
INFO: [Synth 8-6155] done synthesizing module 'Game_Design_mdm_1_0' (11#1) [C:/Users/forsh/Desktop/Everything/Vivado_Labs/Lab_5_152_B3_29Nov/Lab_5_152_B3/Lab_5_152_B3.runs/synth_1/.Xil/Vivado-33904-ShelbyPC/realtime/Game_Design_mdm_1_0_stub.v:6]
INFO: [Synth 8-6157] synthesizing module 'Game_Design_microblaze_0_0' [C:/Users/forsh/Desktop/Everything/Vivado_Labs/Lab_5_152_B3_29Nov/Lab_5_152_B3/Lab_5_152_B3.runs/synth_1/.Xil/Vivado-33904-ShelbyPC/realtime/Game_Design_microblaze_0_0_stub.v:6]
INFO: [Synth 8-6155] done synthesizing module 'Game_Design_microblaze_0_0' (12#1) [C:/Users/forsh/Desktop/Everything/Vivado_Labs/Lab_5_152_B3_29Nov/Lab_5_152_B3/Lab_5_152_B3.runs/synth_1/.Xil/Vivado-33904-ShelbyPC/realtime/Game_Design_microblaze_0_0_stub.v:6]
WARNING: [Synth 8-350] instance 'microblaze_0' of module 'Game_Design_microblaze_0_0' requires 52 connections, but only 51 given [C:/Users/forsh/Desktop/Everything/Vivado_Labs/Lab_5_152_B3_29Nov/Lab_5_152_B3/Lab_5_152_B3.srcs/sources_1/bd/Game_Design/synth/Game_Design.v:251]
INFO: [Synth 8-6157] synthesizing module 'Game_Design_microblaze_0_axi_periph_0' [C:/Users/forsh/Desktop/Everything/Vivado_Labs/Lab_5_152_B3_29Nov/Lab_5_152_B3/Lab_5_152_B3.srcs/sources_1/bd/Game_Design/synth/Game_Design.v:479]
INFO: [Synth 8-6157] synthesizing module 'm00_couplers_imp_17LO2WS' [C:/Users/forsh/Desktop/Everything/Vivado_Labs/Lab_5_152_B3_29Nov/Lab_5_152_B3/Lab_5_152_B3.srcs/sources_1/bd/Game_Design/synth/Game_Design.v:1089]
INFO: [Synth 8-6155] done synthesizing module 'm00_couplers_imp_17LO2WS' (13#1) [C:/Users/forsh/Desktop/Everything/Vivado_Labs/Lab_5_152_B3_29Nov/Lab_5_152_B3/Lab_5_152_B3.srcs/sources_1/bd/Game_Design/synth/Game_Design.v:1089]
INFO: [Synth 8-6157] synthesizing module 'm01_couplers_imp_TWJ6Q' [C:/Users/forsh/Desktop/Everything/Vivado_Labs/Lab_5_152_B3_29Nov/Lab_5_152_B3/Lab_5_152_B3.srcs/sources_1/bd/Game_Design/synth/Game_Design.v:1235]
INFO: [Synth 8-6155] done synthesizing module 'm01_couplers_imp_TWJ6Q' (14#1) [C:/Users/forsh/Desktop/Everything/Vivado_Labs/Lab_5_152_B3_29Nov/Lab_5_152_B3/Lab_5_152_B3.srcs/sources_1/bd/Game_Design/synth/Game_Design.v:1235]
INFO: [Synth 8-6157] synthesizing module 'm02_couplers_imp_XTERPD' [C:/Users/forsh/Desktop/Everything/Vivado_Labs/Lab_5_152_B3_29Nov/Lab_5_152_B3/Lab_5_152_B3.srcs/sources_1/bd/Game_Design/synth/Game_Design.v:1367]
INFO: [Synth 8-6155] done synthesizing module 'm02_couplers_imp_XTERPD' (15#1) [C:/Users/forsh/Desktop/Everything/Vivado_Labs/Lab_5_152_B3_29Nov/Lab_5_152_B3/Lab_5_152_B3.srcs/sources_1/bd/Game_Design/synth/Game_Design.v:1367]
INFO: [Synth 8-6157] synthesizing module 's00_couplers_imp_VE6JL8' [C:/Users/forsh/Desktop/Everything/Vivado_Labs/Lab_5_152_B3_29Nov/Lab_5_152_B3/Lab_5_152_B3.srcs/sources_1/bd/Game_Design/synth/Game_Design.v:1733]
INFO: [Synth 8-6155] done synthesizing module 's00_couplers_imp_VE6JL8' (16#1) [C:/Users/forsh/Desktop/Everything/Vivado_Labs/Lab_5_152_B3_29Nov/Lab_5_152_B3/Lab_5_152_B3.srcs/sources_1/bd/Game_Design/synth/Game_Design.v:1733]
INFO: [Synth 8-6157] synthesizing module 'Game_Design_xbar_0' [C:/Users/forsh/Desktop/Everything/Vivado_Labs/Lab_5_152_B3_29Nov/Lab_5_152_B3/Lab_5_152_B3.runs/synth_1/.Xil/Vivado-33904-ShelbyPC/realtime/Game_Design_xbar_0_stub.v:6]
INFO: [Synth 8-6155] done synthesizing module 'Game_Design_xbar_0' (17#1) [C:/Users/forsh/Desktop/Everything/Vivado_Labs/Lab_5_152_B3_29Nov/Lab_5_152_B3/Lab_5_152_B3.runs/synth_1/.Xil/Vivado-33904-ShelbyPC/realtime/Game_Design_xbar_0_stub.v:6]
WARNING: [Synth 8-689] width (3) of port connection 'm_axi_arprot' does not match port width (9) of module 'Game_Design_xbar_0' [C:/Users/forsh/Desktop/Everything/Vivado_Labs/Lab_5_152_B3_29Nov/Lab_5_152_B3/Lab_5_152_B3.srcs/sources_1/bd/Game_Design/synth/Game_Design.v:1050]
WARNING: [Synth 8-689] width (3) of port connection 'm_axi_awprot' does not match port width (9) of module 'Game_Design_xbar_0' [C:/Users/forsh/Desktop/Everything/Vivado_Labs/Lab_5_152_B3_29Nov/Lab_5_152_B3/Lab_5_152_B3.srcs/sources_1/bd/Game_Design/synth/Game_Design.v:1054]
INFO: [Synth 8-6155] done synthesizing module 'Game_Design_microblaze_0_axi_periph_0' (18#1) [C:/Users/forsh/Desktop/Everything/Vivado_Labs/Lab_5_152_B3_29Nov/Lab_5_152_B3/Lab_5_152_B3.srcs/sources_1/bd/Game_Design/synth/Game_Design.v:479]
INFO: [Synth 8-6157] synthesizing module 'microblaze_0_local_memory_imp_YW9NQL' [C:/Users/forsh/Desktop/Everything/Vivado_Labs/Lab_5_152_B3_29Nov/Lab_5_152_B3/Lab_5_152_B3.srcs/sources_1/bd/Game_Design/synth/Game_Design.v:1499]
INFO: [Synth 8-6157] synthesizing module 'Game_Design_dlmb_bram_if_cntlr_0' [C:/Users/forsh/Desktop/Everything/Vivado_Labs/Lab_5_152_B3_29Nov/Lab_5_152_B3/Lab_5_152_B3.runs/synth_1/.Xil/Vivado-33904-ShelbyPC/realtime/Game_Design_dlmb_bram_if_cntlr_0_stub.v:6]
INFO: [Synth 8-6155] done synthesizing module 'Game_Design_dlmb_bram_if_cntlr_0' (19#1) [C:/Users/forsh/Desktop/Everything/Vivado_Labs/Lab_5_152_B3_29Nov/Lab_5_152_B3/Lab_5_152_B3.runs/synth_1/.Xil/Vivado-33904-ShelbyPC/realtime/Game_Design_dlmb_bram_if_cntlr_0_stub.v:6]
INFO: [Synth 8-6157] synthesizing module 'Game_Design_dlmb_v10_0' [C:/Users/forsh/Desktop/Everything/Vivado_Labs/Lab_5_152_B3_29Nov/Lab_5_152_B3/Lab_5_152_B3.runs/synth_1/.Xil/Vivado-33904-ShelbyPC/realtime/Game_Design_dlmb_v10_0_stub.v:6]
INFO: [Synth 8-6155] done synthesizing module 'Game_Design_dlmb_v10_0' (20#1) [C:/Users/forsh/Desktop/Everything/Vivado_Labs/Lab_5_152_B3_29Nov/Lab_5_152_B3/Lab_5_152_B3.runs/synth_1/.Xil/Vivado-33904-ShelbyPC/realtime/Game_Design_dlmb_v10_0_stub.v:6]
WARNING: [Synth 8-350] instance 'dlmb_v10' of module 'Game_Design_dlmb_v10_0' requires 25 connections, but only 24 given [C:/Users/forsh/Desktop/Everything/Vivado_Labs/Lab_5_152_B3_29Nov/Lab_5_152_B3/Lab_5_152_B3.srcs/sources_1/bd/Game_Design/synth/Game_Design.v:1645]
INFO: [Synth 8-6157] synthesizing module 'Game_Design_ilmb_bram_if_cntlr_0' [C:/Users/forsh/Desktop/Everything/Vivado_Labs/Lab_5_152_B3_29Nov/Lab_5_152_B3/Lab_5_152_B3.runs/synth_1/.Xil/Vivado-33904-ShelbyPC/realtime/Game_Design_ilmb_bram_if_cntlr_0_stub.v:6]
INFO: [Synth 8-6155] done synthesizing module 'Game_Design_ilmb_bram_if_cntlr_0' (21#1) [C:/Users/forsh/Desktop/Everything/Vivado_Labs/Lab_5_152_B3_29Nov/Lab_5_152_B3/Lab_5_152_B3.runs/synth_1/.Xil/Vivado-33904-ShelbyPC/realtime/Game_Design_ilmb_bram_if_cntlr_0_stub.v:6]
INFO: [Synth 8-6157] synthesizing module 'Game_Design_ilmb_v10_0' [C:/Users/forsh/Desktop/Everything/Vivado_Labs/Lab_5_152_B3_29Nov/Lab_5_152_B3/Lab_5_152_B3.runs/synth_1/.Xil/Vivado-33904-ShelbyPC/realtime/Game_Design_ilmb_v10_0_stub.v:6]
INFO: [Synth 8-6155] done synthesizing module 'Game_Design_ilmb_v10_0' (22#1) [C:/Users/forsh/Desktop/Everything/Vivado_Labs/Lab_5_152_B3_29Nov/Lab_5_152_B3/Lab_5_152_B3.runs/synth_1/.Xil/Vivado-33904-ShelbyPC/realtime/Game_Design_ilmb_v10_0_stub.v:6]
WARNING: [Synth 8-350] instance 'ilmb_v10' of module 'Game_Design_ilmb_v10_0' requires 25 connections, but only 24 given [C:/Users/forsh/Desktop/Everything/Vivado_Labs/Lab_5_152_B3_29Nov/Lab_5_152_B3/Lab_5_152_B3.srcs/sources_1/bd/Game_Design/synth/Game_Design.v:1691]
INFO: [Synth 8-6157] synthesizing module 'Game_Design_lmb_bram_0' [C:/Users/forsh/Desktop/Everything/Vivado_Labs/Lab_5_152_B3_29Nov/Lab_5_152_B3/Lab_5_152_B3.runs/synth_1/.Xil/Vivado-33904-ShelbyPC/realtime/Game_Design_lmb_bram_0_stub.v:6]
INFO: [Synth 8-6155] done synthesizing module 'Game_Design_lmb_bram_0' (23#1) [C:/Users/forsh/Desktop/Everything/Vivado_Labs/Lab_5_152_B3_29Nov/Lab_5_152_B3/Lab_5_152_B3.runs/synth_1/.Xil/Vivado-33904-ShelbyPC/realtime/Game_Design_lmb_bram_0_stub.v:6]
WARNING: [Synth 8-350] instance 'lmb_bram' of module 'Game_Design_lmb_bram_0' requires 16 connections, but only 14 given [C:/Users/forsh/Desktop/Everything/Vivado_Labs/Lab_5_152_B3_29Nov/Lab_5_152_B3/Lab_5_152_B3.srcs/sources_1/bd/Game_Design/synth/Game_Design.v:1716]
INFO: [Synth 8-6155] done synthesizing module 'microblaze_0_local_memory_imp_YW9NQL' (24#1) [C:/Users/forsh/Desktop/Everything/Vivado_Labs/Lab_5_152_B3_29Nov/Lab_5_152_B3/Lab_5_152_B3.srcs/sources_1/bd/Game_Design/synth/Game_Design.v:1499]
INFO: [Synth 8-6157] synthesizing module 'Game_Design_myip_0_1' [C:/Users/forsh/Desktop/Everything/Vivado_Labs/Lab_5_152_B3_29Nov/Lab_5_152_B3/Lab_5_152_B3.runs/synth_1/.Xil/Vivado-33904-ShelbyPC/realtime/Game_Design_myip_0_1_stub.v:6]
INFO: [Synth 8-6155] done synthesizing module 'Game_Design_myip_0_1' (25#1) [C:/Users/forsh/Desktop/Everything/Vivado_Labs/Lab_5_152_B3_29Nov/Lab_5_152_B3/Lab_5_152_B3.runs/synth_1/.Xil/Vivado-33904-ShelbyPC/realtime/Game_Design_myip_0_1_stub.v:6]
INFO: [Synth 8-6157] synthesizing module 'Game_Design_rst_clk_wiz_0_100M_0' [C:/Users/forsh/Desktop/Everything/Vivado_Labs/Lab_5_152_B3_29Nov/Lab_5_152_B3/Lab_5_152_B3.runs/synth_1/.Xil/Vivado-33904-ShelbyPC/realtime/Game_Design_rst_clk_wiz_0_100M_0_stub.v:6]
INFO: [Synth 8-6155] done synthesizing module 'Game_Design_rst_clk_wiz_0_100M_0' (26#1) [C:/Users/forsh/Desktop/Everything/Vivado_Labs/Lab_5_152_B3_29Nov/Lab_5_152_B3/Lab_5_152_B3.runs/synth_1/.Xil/Vivado-33904-ShelbyPC/realtime/Game_Design_rst_clk_wiz_0_100M_0_stub.v:6]
WARNING: [Synth 8-350] instance 'rst_clk_wiz_0_100M' of module 'Game_Design_rst_clk_wiz_0_100M_0' requires 10 connections, but only 9 given [C:/Users/forsh/Desktop/Everything/Vivado_Labs/Lab_5_152_B3_29Nov/Lab_5_152_B3/Lab_5_152_B3.srcs/sources_1/bd/Game_Design/synth/Game_Design.v:446]
INFO: [Synth 8-6157] synthesizing module 'Game_Design_axi_gpio_0_0' [C:/Users/forsh/Desktop/Everything/Vivado_Labs/Lab_5_152_B3_29Nov/Lab_5_152_B3/Lab_5_152_B3.runs/synth_1/.Xil/Vivado-33904-ShelbyPC/realtime/Game_Design_axi_gpio_0_0_stub.v:6]
INFO: [Synth 8-6155] done synthesizing module 'Game_Design_axi_gpio_0_0' (27#1) [C:/Users/forsh/Desktop/Everything/Vivado_Labs/Lab_5_152_B3_29Nov/Lab_5_152_B3/Lab_5_152_B3.runs/synth_1/.Xil/Vivado-33904-ShelbyPC/realtime/Game_Design_axi_gpio_0_0_stub.v:6]
INFO: [Synth 8-6155] done synthesizing module 'Game_Design' (28#1) [C:/Users/forsh/Desktop/Everything/Vivado_Labs/Lab_5_152_B3_29Nov/Lab_5_152_B3/Lab_5_152_B3.srcs/sources_1/bd/Game_Design/synth/Game_Design.v:13]
INFO: [Synth 8-6155] done synthesizing module 'Game_Design_wrapper' (29#1) [C:/Users/forsh/Desktop/Everything/Vivado_Labs/Lab_5_152_B3_29Nov/Lab_5_152_B3/Lab_5_152_B3.srcs/sources_1/bd/Game_Design/hdl/Game_Design_wrapper.v:12]
INFO: [Synth 8-6155] done synthesizing module 'top' (30#1) [C:/Users/forsh/Desktop/Everything/Vivado_Labs/Lab_5_152_B3_29Nov/Lab_5_152_B3/Lab_5_152_B3.srcs/sources_1/imports/new/top.v:3]
WARNING: [Synth 8-3331] design s00_couplers_imp_VE6JL8 has unconnected port M_ACLK
WARNING: [Synth 8-3331] design s00_couplers_imp_VE6JL8 has unconnected port M_ARESETN
WARNING: [Synth 8-3331] design s00_couplers_imp_VE6JL8 has unconnected port S_ACLK
WARNING: [Synth 8-3331] design s00_couplers_imp_VE6JL8 has unconnected port S_ARESETN
WARNING: [Synth 8-3331] design m02_couplers_imp_XTERPD has unconnected port M_ACLK
WARNING: [Synth 8-3331] design m02_couplers_imp_XTERPD has unconnected port M_ARESETN
WARNING: [Synth 8-3331] design m02_couplers_imp_XTERPD has unconnected port S_ACLK
WARNING: [Synth 8-3331] design m02_couplers_imp_XTERPD has unconnected port S_ARESETN
WARNING: [Synth 8-3331] design m01_couplers_imp_TWJ6Q has unconnected port M_ACLK
WARNING: [Synth 8-3331] design m01_couplers_imp_TWJ6Q has unconnected port M_ARESETN
WARNING: [Synth 8-3331] design m01_couplers_imp_TWJ6Q has unconnected port S_ACLK
WARNING: [Synth 8-3331] design m01_couplers_imp_TWJ6Q has unconnected port S_ARESETN
WARNING: [Synth 8-3331] design m00_couplers_imp_17LO2WS has unconnected port M_ACLK
WARNING: [Synth 8-3331] design m00_couplers_imp_17LO2WS has unconnected port M_ARESETN
WARNING: [Synth 8-3331] design m00_couplers_imp_17LO2WS has unconnected port S_ACLK
WARNING: [Synth 8-3331] design m00_couplers_imp_17LO2WS has unconnected port S_ARESETN
WARNING: [Synth 8-3331] design counter_basys has unconnected port score_bus[31]
WARNING: [Synth 8-3331] design counter_basys has unconnected port score_bus[30]
WARNING: [Synth 8-3331] design counter_basys has unconnected port score_bus[29]
WARNING: [Synth 8-3331] design counter_basys has unconnected port score_bus[28]
WARNING: [Synth 8-3331] design counter_basys has unconnected port score_bus[27]
WARNING: [Synth 8-3331] design counter_basys has unconnected port score_bus[26]
WARNING: [Synth 8-3331] design counter_basys has unconnected port score_bus[25]
WARNING: [Synth 8-3331] design counter_basys has unconnected port score_bus[24]
WARNING: [Synth 8-3331] design counter_basys has unconnected port score_bus[23]
WARNING: [Synth 8-3331] design counter_basys has unconnected port score_bus[22]
WARNING: [Synth 8-3331] design counter_basys has unconnected port score_bus[21]
WARNING: [Synth 8-3331] design counter_basys has unconnected port score_bus[20]
WARNING: [Synth 8-3331] design counter_basys has unconnected port score_bus[19]
WARNING: [Synth 8-3331] design counter_basys has unconnected port score_bus[18]
WARNING: [Synth 8-3331] design counter_basys has unconnected port score_bus[17]
WARNING: [Synth 8-3331] design counter_basys has unconnected port score_bus[16]
WARNING: [Synth 8-3331] design sprite_rom has unconnected port type_id[3]
WARNING: [Synth 8-3331] design sprite_rom has unconnected port type_id[2]
WARNING: [Synth 8-3331] design pixel_gen has unconnected port reg_gamestate[31]
WARNING: [Synth 8-3331] design pixel_gen has unconnected port reg_gamestate[30]
WARNING: [Synth 8-3331] design pixel_gen has unconnected port reg_gamestate[29]
WARNING: [Synth 8-3331] design pixel_gen has unconnected port reg_gamestate[28]
WARNING: [Synth 8-3331] design pixel_gen has unconnected port reg_gamestate[27]
WARNING: [Synth 8-3331] design pixel_gen has unconnected port reg_gamestate[26]
WARNING: [Synth 8-3331] design pixel_gen has unconnected port reg_gamestate[25]
WARNING: [Synth 8-3331] design pixel_gen has unconnected port reg_gamestate[24]
WARNING: [Synth 8-3331] design pixel_gen has unconnected port reg_gamestate[23]
WARNING: [Synth 8-3331] design pixel_gen has unconnected port reg_gamestate[22]
WARNING: [Synth 8-3331] design pixel_gen has unconnected port reg_gamestate[21]
WARNING: [Synth 8-3331] design pixel_gen has unconnected port reg_gamestate[20]
WARNING: [Synth 8-3331] design pixel_gen has unconnected port reg_gamestate[19]
WARNING: [Synth 8-3331] design pixel_gen has unconnected port reg_gamestate[18]
WARNING: [Synth 8-3331] design pixel_gen has unconnected port reg_gamestate[17]
WARNING: [Synth 8-3331] design pixel_gen has unconnected port reg_gamestate[16]
WARNING: [Synth 8-3331] design pixel_gen has unconnected port reg_gamestate[15]
WARNING: [Synth 8-3331] design pixel_gen has unconnected port reg_gamestate[14]
WARNING: [Synth 8-3331] design pixel_gen has unconnected port reg_gamestate[13]
WARNING: [Synth 8-3331] design pixel_gen has unconnected port reg_gamestate[12]
WARNING: [Synth 8-3331] design pixel_gen has unconnected port reg_gamestate[11]
WARNING: [Synth 8-3331] design pixel_gen has unconnected port reg_gamestate[10]
WARNING: [Synth 8-3331] design pixel_gen has unconnected port reg_gamestate[9]
WARNING: [Synth 8-3331] design pixel_gen has unconnected port reg_gamestate[8]
WARNING: [Synth 8-3331] design pixel_gen has unconnected port reg_gamestate[7]
WARNING: [Synth 8-3331] design pixel_gen has unconnected port reg_gamestate[6]
WARNING: [Synth 8-3331] design pixel_gen has unconnected port reg_gamestate[5]
WARNING: [Synth 8-3331] design pixel_gen has unconnected port reg_gamestate[4]
WARNING: [Synth 8-3331] design pixel_gen has unconnected port reg_gamestate[3]
WARNING: [Synth 8-3331] design pixel_gen has unconnected port reg_gamestate[2]
WARNING: [Synth 8-3331] design pixel_gen has unconnected port reg_gamestate[1]
WARNING: [Synth 8-3331] design pixel_gen has unconnected port reg_plat0_pos[25]
WARNING: [Synth 8-3331] design pixel_gen has unconnected port reg_plat0_pos[24]
WARNING: [Synth 8-3331] design pixel_gen has unconnected port reg_plat0_pos[23]
WARNING: [Synth 8-3331] design pixel_gen has unconnected port reg_plat0_pos[22]
WARNING: [Synth 8-3331] design pixel_gen has unconnected port reg_plat0_pos[21]
WARNING: [Synth 8-3331] design pixel_gen has unconnected port reg_plat0_pos[20]
WARNING: [Synth 8-3331] design pixel_gen has unconnected port reg_plat0_pos[19]
WARNING: [Synth 8-3331] design pixel_gen has unconnected port reg_plat0_pos[18]
WARNING: [Synth 8-3331] design pixel_gen has unconnected port reg_plat0_pos[17]
WARNING: [Synth 8-3331] design pixel_gen has unconnected port reg_plat0_pos[16]
WARNING: [Synth 8-3331] design pixel_gen has unconnected port reg_plat1_pos[25]
WARNING: [Synth 8-3331] design pixel_gen has unconnected port reg_plat1_pos[24]
WARNING: [Synth 8-3331] design pixel_gen has unconnected port reg_plat1_pos[23]
WARNING: [Synth 8-3331] design pixel_gen has unconnected port reg_plat1_pos[22]
WARNING: [Synth 8-3331] design pixel_gen has unconnected port reg_plat1_pos[21]
WARNING: [Synth 8-3331] design pixel_gen has unconnected port reg_plat1_pos[20]
WARNING: [Synth 8-3331] design pixel_gen has unconnected port reg_plat1_pos[19]
WARNING: [Synth 8-3331] design pixel_gen has unconnected port reg_plat1_pos[18]
WARNING: [Synth 8-3331] design pixel_gen has unconnected port reg_plat1_pos[17]
WARNING: [Synth 8-3331] design pixel_gen has unconnected port reg_plat1_pos[16]
WARNING: [Synth 8-3331] design pixel_gen has unconnected port reg_plat2_pos[25]
WARNING: [Synth 8-3331] design pixel_gen has unconnected port reg_plat2_pos[24]
WARNING: [Synth 8-3331] design pixel_gen has unconnected port reg_plat2_pos[23]
WARNING: [Synth 8-3331] design pixel_gen has unconnected port reg_plat2_pos[22]
WARNING: [Synth 8-3331] design pixel_gen has unconnected port reg_plat2_pos[21]
WARNING: [Synth 8-3331] design pixel_gen has unconnected port reg_plat2_pos[20]
WARNING: [Synth 8-3331] design pixel_gen has unconnected port reg_plat2_pos[19]
WARNING: [Synth 8-3331] design pixel_gen has unconnected port reg_plat2_pos[18]
WARNING: [Synth 8-3331] design pixel_gen has unconnected port reg_plat2_pos[17]
WARNING: [Synth 8-3331] design pixel_gen has unconnected port reg_plat2_pos[16]
WARNING: [Synth 8-3331] design pixel_gen has unconnected port reg_plat3_pos[25]
WARNING: [Synth 8-3331] design pixel_gen has unconnected port reg_plat3_pos[24]
WARNING: [Synth 8-3331] design pixel_gen has unconnected port reg_plat3_pos[23]
WARNING: [Synth 8-3331] design pixel_gen has unconnected port reg_plat3_pos[22]
WARNING: [Synth 8-3331] design pixel_gen has unconnected port reg_plat3_pos[21]
INFO: [Common 17-14] Message 'Synth 8-3331' appears 100 times and further instances of the messages will be disabled. Use the Tcl command set_msg_config to change the current settings.
---------------------------------------------------------------------------------
Finished RTL Elaboration : Time (s): cpu = 00:00:01 ; elapsed = 00:00:02 . Memory (MB): peak = 532.629 ; gain = 160.840
---------------------------------------------------------------------------------

Report Check Netlist: 
+------+------------------+-------+---------+-------+------------------+
|      |Item              |Errors |Warnings |Status |Description       |
+------+------------------+-------+---------+-------+------------------+
|1     |multi_driven_nets |      0|        0|Passed |Multi driven nets |
+------+------------------+-------+---------+-------+------------------+
---------------------------------------------------------------------------------
Start Handling Custom Attributes
---------------------------------------------------------------------------------
---------------------------------------------------------------------------------
Finished Handling Custom Attributes : Time (s): cpu = 00:00:01 ; elapsed = 00:00:02 . Memory (MB): peak = 532.629 ; gain = 160.840
---------------------------------------------------------------------------------
---------------------------------------------------------------------------------
Finished RTL Optimization Phase 1 : Time (s): cpu = 00:00:01 ; elapsed = 00:00:02 . Memory (MB): peak = 532.629 ; gain = 160.840
---------------------------------------------------------------------------------
INFO: [Device 21-403] Loading part xc7a35tcpg236-1
INFO: [Project 1-570] Preparing netlist for logic optimization

Processing XDC Constraints
Initializing timing engine
Parsing XDC File [c:/Users/forsh/Desktop/Everything/Vivado_Labs/Lab_5_152_B3_29Nov/Lab_5_152_B3/Lab_5_152_B3.srcs/sources_1/bd/Game_Design/ip/Game_Design_myip_0_1/Game_Design_myip_0_1/Game_Design_myip_0_1_in_context.xdc] for cell 'mb_system/Game_Design_i/myip_0'
Finished Parsing XDC File [c:/Users/forsh/Desktop/Everything/Vivado_Labs/Lab_5_152_B3_29Nov/Lab_5_152_B3/Lab_5_152_B3.srcs/sources_1/bd/Game_Design/ip/Game_Design_myip_0_1/Game_Design_myip_0_1/Game_Design_myip_0_1_in_context.xdc] for cell 'mb_system/Game_Design_i/myip_0'
Parsing XDC File [c:/Users/forsh/Desktop/Everything/Vivado_Labs/Lab_5_152_B3_29Nov/Lab_5_152_B3/Lab_5_152_B3.srcs/sources_1/bd/Game_Design/ip/Game_Design_microblaze_0_0/Game_Design_microblaze_0_0/Game_Design_microblaze_0_0_in_context.xdc] for cell 'mb_system/Game_Design_i/microblaze_0'
Finished Parsing XDC File [c:/Users/forsh/Desktop/Everything/Vivado_Labs/Lab_5_152_B3_29Nov/Lab_5_152_B3/Lab_5_152_B3.srcs/sources_1/bd/Game_Design/ip/Game_Design_microblaze_0_0/Game_Design_microblaze_0_0/Game_Design_microblaze_0_0_in_context.xdc] for cell 'mb_system/Game_Design_i/microblaze_0'
Parsing XDC File [c:/Users/forsh/Desktop/Everything/Vivado_Labs/Lab_5_152_B3_29Nov/Lab_5_152_B3/Lab_5_152_B3.srcs/sources_1/bd/Game_Design/ip/Game_Design_axi_gpio_0_0/Game_Design_axi_gpio_0_0/Game_Design_axi_gpio_0_0_in_context.xdc] for cell 'mb_system/Game_Design_i/vsync_input'
Finished Parsing XDC File [c:/Users/forsh/Desktop/Everything/Vivado_Labs/Lab_5_152_B3_29Nov/Lab_5_152_B3/Lab_5_152_B3.srcs/sources_1/bd/Game_Design/ip/Game_Design_axi_gpio_0_0/Game_Design_axi_gpio_0_0/Game_Design_axi_gpio_0_0_in_context.xdc] for cell 'mb_system/Game_Design_i/vsync_input'
Parsing XDC File [c:/Users/forsh/Desktop/Everything/Vivado_Labs/Lab_5_152_B3_29Nov/Lab_5_152_B3/Lab_5_152_B3.srcs/sources_1/bd/Game_Design/ip/Game_Design_clk_wiz_0_0/Game_Design_clk_wiz_0_0/Game_Design_clk_wiz_0_0_in_context.xdc] for cell 'mb_system/Game_Design_i/clk_wiz_0'
Finished Parsing XDC File [c:/Users/forsh/Desktop/Everything/Vivado_Labs/Lab_5_152_B3_29Nov/Lab_5_152_B3/Lab_5_152_B3.srcs/sources_1/bd/Game_Design/ip/Game_Design_clk_wiz_0_0/Game_Design_clk_wiz_0_0/Game_Design_clk_wiz_0_0_in_context.xdc] for cell 'mb_system/Game_Design_i/clk_wiz_0'
Parsing XDC File [c:/Users/forsh/Desktop/Everything/Vivado_Labs/Lab_5_152_B3_29Nov/Lab_5_152_B3/Lab_5_152_B3.srcs/sources_1/bd/Game_Design/ip/Game_Design_axi_uartlite_0_0/Game_Design_axi_uartlite_0_0/Game_Design_axi_uartlite_0_0_in_context.xdc] for cell 'mb_system/Game_Design_i/axi_uartlite_0'
Finished Parsing XDC File [c:/Users/forsh/Desktop/Everything/Vivado_Labs/Lab_5_152_B3_29Nov/Lab_5_152_B3/Lab_5_152_B3.srcs/sources_1/bd/Game_Design/ip/Game_Design_axi_uartlite_0_0/Game_Design_axi_uartlite_0_0/Game_Design_axi_uartlite_0_0_in_context.xdc] for cell 'mb_system/Game_Design_i/axi_uartlite_0'
Parsing XDC File [c:/Users/forsh/Desktop/Everything/Vivado_Labs/Lab_5_152_B3_29Nov/Lab_5_152_B3/Lab_5_152_B3.srcs/sources_1/bd/Game_Design/ip/Game_Design_mdm_1_0/Game_Design_mdm_1_0/Game_Design_mdm_1_0_in_context.xdc] for cell 'mb_system/Game_Design_i/mdm_1'
Finished Parsing XDC File [c:/Users/forsh/Desktop/Everything/Vivado_Labs/Lab_5_152_B3_29Nov/Lab_5_152_B3/Lab_5_152_B3.srcs/sources_1/bd/Game_Design/ip/Game_Design_mdm_1_0/Game_Design_mdm_1_0/Game_Design_mdm_1_0_in_context.xdc] for cell 'mb_system/Game_Design_i/mdm_1'
Parsing XDC File [c:/Users/forsh/Desktop/Everything/Vivado_Labs/Lab_5_152_B3_29Nov/Lab_5_152_B3/Lab_5_152_B3.srcs/sources_1/bd/Game_Design/ip/Game_Design_rst_clk_wiz_0_100M_0/Game_Design_rst_clk_wiz_0_100M_0/Game_Design_rst_clk_wiz_0_100M_0_in_context.xdc] for cell 'mb_system/Game_Design_i/rst_clk_wiz_0_100M'
Finished Parsing XDC File [c:/Users/forsh/Desktop/Everything/Vivado_Labs/Lab_5_152_B3_29Nov/Lab_5_152_B3/Lab_5_152_B3.srcs/sources_1/bd/Game_Design/ip/Game_Design_rst_clk_wiz_0_100M_0/Game_Design_rst_clk_wiz_0_100M_0/Game_Design_rst_clk_wiz_0_100M_0_in_context.xdc] for cell 'mb_system/Game_Design_i/rst_clk_wiz_0_100M'
Parsing XDC File [c:/Users/forsh/Desktop/Everything/Vivado_Labs/Lab_5_152_B3_29Nov/Lab_5_152_B3/Lab_5_152_B3.srcs/sources_1/bd/Game_Design/ip/Game_Design_xbar_0/Game_Design_xbar_0/Game_Design_xbar_0_in_context.xdc] for cell 'mb_system/Game_Design_i/microblaze_0_axi_periph/xbar'
Finished Parsing XDC File [c:/Users/forsh/Desktop/Everything/Vivado_Labs/Lab_5_152_B3_29Nov/Lab_5_152_B3/Lab_5_152_B3.srcs/sources_1/bd/Game_Design/ip/Game_Design_xbar_0/Game_Design_xbar_0/Game_Design_xbar_0_in_context.xdc] for cell 'mb_system/Game_Design_i/microblaze_0_axi_periph/xbar'
Parsing XDC File [c:/Users/forsh/Desktop/Everything/Vivado_Labs/Lab_5_152_B3_29Nov/Lab_5_152_B3/Lab_5_152_B3.srcs/sources_1/bd/Game_Design/ip/Game_Design_dlmb_v10_0/Game_Design_dlmb_v10_0/Game_Design_dlmb_v10_0_in_context.xdc] for cell 'mb_system/Game_Design_i/microblaze_0_local_memory/dlmb_v10'
Finished Parsing XDC File [c:/Users/forsh/Desktop/Everything/Vivado_Labs/Lab_5_152_B3_29Nov/Lab_5_152_B3/Lab_5_152_B3.srcs/sources_1/bd/Game_Design/ip/Game_Design_dlmb_v10_0/Game_Design_dlmb_v10_0/Game_Design_dlmb_v10_0_in_context.xdc] for cell 'mb_system/Game_Design_i/microblaze_0_local_memory/dlmb_v10'
Parsing XDC File [c:/Users/forsh/Desktop/Everything/Vivado_Labs/Lab_5_152_B3_29Nov/Lab_5_152_B3/Lab_5_152_B3.srcs/sources_1/bd/Game_Design/ip/Game_Design_ilmb_v10_0/Game_Design_ilmb_v10_0/Game_Design_dlmb_v10_0_in_context.xdc] for cell 'mb_system/Game_Design_i/microblaze_0_local_memory/ilmb_v10'
Finished Parsing XDC File [c:/Users/forsh/Desktop/Everything/Vivado_Labs/Lab_5_152_B3_29Nov/Lab_5_152_B3/Lab_5_152_B3.srcs/sources_1/bd/Game_Design/ip/Game_Design_ilmb_v10_0/Game_Design_ilmb_v10_0/Game_Design_dlmb_v10_0_in_context.xdc] for cell 'mb_system/Game_Design_i/microblaze_0_local_memory/ilmb_v10'
Parsing XDC File [c:/Users/forsh/Desktop/Everything/Vivado_Labs/Lab_5_152_B3_29Nov/Lab_5_152_B3/Lab_5_152_B3.srcs/sources_1/bd/Game_Design/ip/Game_Design_dlmb_bram_if_cntlr_0/Game_Design_dlmb_bram_if_cntlr_0/Game_Design_dlmb_bram_if_cntlr_0_in_context.xdc] for cell 'mb_system/Game_Design_i/microblaze_0_local_memory/dlmb_bram_if_cntlr'
Finished Parsing XDC File [c:/Users/forsh/Desktop/Everything/Vivado_Labs/Lab_5_152_B3_29Nov/Lab_5_152_B3/Lab_5_152_B3.srcs/sources_1/bd/Game_Design/ip/Game_Design_dlmb_bram_if_cntlr_0/Game_Design_dlmb_bram_if_cntlr_0/Game_Design_dlmb_bram_if_cntlr_0_in_context.xdc] for cell 'mb_system/Game_Design_i/microblaze_0_local_memory/dlmb_bram_if_cntlr'
Parsing XDC File [c:/Users/forsh/Desktop/Everything/Vivado_Labs/Lab_5_152_B3_29Nov/Lab_5_152_B3/Lab_5_152_B3.srcs/sources_1/bd/Game_Design/ip/Game_Design_ilmb_bram_if_cntlr_0/Game_Design_ilmb_bram_if_cntlr_0/Game_Design_ilmb_bram_if_cntlr_0_in_context.xdc] for cell 'mb_system/Game_Design_i/microblaze_0_local_memory/ilmb_bram_if_cntlr'
Finished Parsing XDC File [c:/Users/forsh/Desktop/Everything/Vivado_Labs/Lab_5_152_B3_29Nov/Lab_5_152_B3/Lab_5_152_B3.srcs/sources_1/bd/Game_Design/ip/Game_Design_ilmb_bram_if_cntlr_0/Game_Design_ilmb_bram_if_cntlr_0/Game_Design_ilmb_bram_if_cntlr_0_in_context.xdc] for cell 'mb_system/Game_Design_i/microblaze_0_local_memory/ilmb_bram_if_cntlr'
Parsing XDC File [c:/Users/forsh/Desktop/Everything/Vivado_Labs/Lab_5_152_B3_29Nov/Lab_5_152_B3/Lab_5_152_B3.srcs/sources_1/bd/Game_Design/ip/Game_Design_lmb_bram_0/Game_Design_lmb_bram_0/Game_Design_lmb_bram_0_in_context.xdc] for cell 'mb_system/Game_Design_i/microblaze_0_local_memory/lmb_bram'
Finished Parsing XDC File [c:/Users/forsh/Desktop/Everything/Vivado_Labs/Lab_5_152_B3_29Nov/Lab_5_152_B3/Lab_5_152_B3.srcs/sources_1/bd/Game_Design/ip/Game_Design_lmb_bram_0/Game_Design_lmb_bram_0/Game_Design_lmb_bram_0_in_context.xdc] for cell 'mb_system/Game_Design_i/microblaze_0_local_memory/lmb_bram'
Parsing XDC File [C:/Users/forsh/Desktop/Everything/Vivado_Labs/Lab_5_152_B3_29Nov/Lab_5_152_B3/Lab_5_152_B3.srcs/constrs_1/imports/new/Basys3-Master.xdc]
Finished Parsing XDC File [C:/Users/forsh/Desktop/Everything/Vivado_Labs/Lab_5_152_B3_29Nov/Lab_5_152_B3/Lab_5_152_B3.srcs/constrs_1/imports/new/Basys3-Master.xdc]
INFO: [Project 1-236] Implementation specific constraints were found while reading constraint file [C:/Users/forsh/Desktop/Everything/Vivado_Labs/Lab_5_152_B3_29Nov/Lab_5_152_B3/Lab_5_152_B3.srcs/constrs_1/imports/new/Basys3-Master.xdc]. These constraints will be ignored for synthesis but will be used in implementation. Impacted constraints are listed in the file [.Xil/top_propImpl.xdc].
Resolution: To avoid this warning, move constraints listed in [.Xil/top_propImpl.xdc] to another XDC file and exclude this new file from synthesis with the used_in_synthesis property (File Properties dialog in GUI) and re-run elaboration/synthesis.
Parsing XDC File [C:/Users/forsh/Desktop/Everything/Vivado_Labs/Lab_5_152_B3_29Nov/Lab_5_152_B3/Lab_5_152_B3.runs/synth_1/dont_touch.xdc]
Finished Parsing XDC File [C:/Users/forsh/Desktop/Everything/Vivado_Labs/Lab_5_152_B3_29Nov/Lab_5_152_B3/Lab_5_152_B3.runs/synth_1/dont_touch.xdc]
Completed Processing XDC Constraints

INFO: [Project 1-111] Unisim Transformation Summary:
No Unisim elements were transformed.

Constraint Validation Runtime : Time (s): cpu = 00:00:00 ; elapsed = 00:00:00.003 . Memory (MB): peak = 878.578 ; gain = 0.000
WARNING: [Timing 38-316] Clock period '20.000' specified during out-of-context synthesis of instance 'mb_system/Game_Design_i/microblaze_0_local_memory/lmb_bram' at clock pin 'clka' is different from the actual clock period '10.000', this can lead to different synthesis results.
---------------------------------------------------------------------------------
Finished Constraint Validation : Time (s): cpu = 00:00:05 ; elapsed = 00:00:07 . Memory (MB): peak = 878.578 ; gain = 506.789
---------------------------------------------------------------------------------
---------------------------------------------------------------------------------
Start Loading Part and Timing Information
---------------------------------------------------------------------------------
Loading part: xc7a35tcpg236-1
---------------------------------------------------------------------------------
Finished Loading Part and Timing Information : Time (s): cpu = 00:00:05 ; elapsed = 00:00:07 . Memory (MB): peak = 878.578 ; gain = 506.789
---------------------------------------------------------------------------------
---------------------------------------------------------------------------------
Start Applying 'set_property' XDC Constraints
---------------------------------------------------------------------------------
Applied set_property IO_BUFFER_TYPE = NONE for clk_100MHz. (constraint file  c:/Users/forsh/Desktop/Everything/Vivado_Labs/Lab_5_152_B3_29Nov/Lab_5_152_B3/Lab_5_152_B3.srcs/sources_1/bd/Game_Design/ip/Game_Design_clk_wiz_0_0/Game_Design_clk_wiz_0_0/Game_Design_clk_wiz_0_0_in_context.xdc, line 3).
Applied set_property CLOCK_BUFFER_TYPE = NONE for clk_100MHz. (constraint file  c:/Users/forsh/Desktop/Everything/Vivado_Labs/Lab_5_152_B3_29Nov/Lab_5_152_B3/Lab_5_152_B3.srcs/sources_1/bd/Game_Design/ip/Game_Design_clk_wiz_0_0/Game_Design_clk_wiz_0_0/Game_Design_clk_wiz_0_0_in_context.xdc, line 4).
Applied set_property DONT_TOUCH = true for mb_system/Game_Design_i. (constraint file  auto generated constraint, line ).
Applied set_property DONT_TOUCH = true for mb_system/Game_Design_i/myip_0. (constraint file  auto generated constraint, line ).
Applied set_property DONT_TOUCH = true for mb_system/Game_Design_i/microblaze_0. (constraint file  auto generated constraint, line ).
Applied set_property DONT_TOUCH = true for mb_system/Game_Design_i/vsync_input. (constraint file  auto generated constraint, line ).
Applied set_property DONT_TOUCH = true for mb_system/Game_Design_i/clk_wiz_0. (constraint file  auto generated constraint, line ).
Applied set_property DONT_TOUCH = true for mb_system/Game_Design_i/axi_uartlite_0. (constraint file  auto generated constraint, line ).
Applied set_property DONT_TOUCH = true for mb_system/Game_Design_i/mdm_1. (constraint file  auto generated constraint, line ).
Applied set_property DONT_TOUCH = true for mb_system/Game_Design_i/rst_clk_wiz_0_100M. (constraint file  auto generated constraint, line ).
Applied set_property DONT_TOUCH = true for mb_system/Game_Design_i/microblaze_0_axi_periph. (constraint file  auto generated constraint, line ).
Applied set_property DONT_TOUCH = true for mb_system/Game_Design_i/microblaze_0_axi_periph/xbar. (constraint file  auto generated constraint, line ).
Applied set_property DONT_TOUCH = true for mb_system/Game_Design_i/microblaze_0_local_memory/dlmb_v10. (constraint file  auto generated constraint, line ).
Applied set_property DONT_TOUCH = true for mb_system/Game_Design_i/microblaze_0_local_memory/ilmb_v10. (constraint file  auto generated constraint, line ).
Applied set_property DONT_TOUCH = true for mb_system/Game_Design_i/microblaze_0_local_memory/dlmb_bram_if_cntlr. (constraint file  auto generated constraint, line ).
Applied set_property DONT_TOUCH = true for mb_system/Game_Design_i/microblaze_0_local_memory/ilmb_bram_if_cntlr. (constraint file  auto generated constraint, line ).
Applied set_property DONT_TOUCH = true for mb_system/Game_Design_i/microblaze_0_local_memory/lmb_bram. (constraint file  auto generated constraint, line ).
---------------------------------------------------------------------------------
Finished applying 'set_property' XDC Constraints : Time (s): cpu = 00:00:05 ; elapsed = 00:00:07 . Memory (MB): peak = 878.578 ; gain = 506.789
---------------------------------------------------------------------------------
INFO: [Synth 8-5546] ROM "v_count_reg" won't be mapped to RAM because it is too sparse
INFO: [Synth 8-5547] Trying to map ROM "rom" into Block RAM due to explicit "ram_style" or "rom_style" specification
WARNING: [Synth 8-6014] Unused sequential element rgb_out_reg was removed.  [C:/Users/forsh/Desktop/Everything/Vivado_Labs/Lab_5_152_B3_29Nov/Lab_5_152_B3/Lab_5_152_B3.srcs/sources_1/new/sprite_rom.v:21]
INFO: [Synth 8-5546] ROM "data" won't be mapped to RAM because it is too sparse
INFO: [Synth 8-5544] ROM "rgb1" won't be mapped to Block RAM because address size (1) smaller than threshold (5)
INFO: [Synth 8-5544] ROM "get_zone_y" won't be mapped to Block RAM because address size (2) smaller than threshold (5)
INFO: [Synth 8-5544] ROM "get_zone_y1" won't be mapped to Block RAM because address size (2) smaller than threshold (5)
INFO: [Synth 8-5544] ROM "get_zone_y3" won't be mapped to Block RAM because address size (2) smaller than threshold (5)
INFO: [Synth 8-5544] ROM "get_zone_y5" won't be mapped to Block RAM because address size (2) smaller than threshold (5)
INFO: [Synth 8-5544] ROM "get_zone_y7" won't be mapped to Block RAM because address size (2) smaller than threshold (5)
INFO: [Synth 8-5544] ROM "get_zone_y9" won't be mapped to Block RAM because address size (2) smaller than threshold (5)
INFO: [Synth 8-5544] ROM "get_zone_y11" won't be mapped to Block RAM because address size (2) smaller than threshold (5)
INFO: [Synth 8-5544] ROM "get_zone_y13" won't be mapped to Block RAM because address size (2) smaller than threshold (5)
INFO: [Synth 8-5544] ROM "get_zone_y15" won't be mapped to Block RAM because address size (2) smaller than threshold (5)
INFO: [Synth 8-5544] ROM "get_zone_y17" won't be mapped to Block RAM because address size (2) smaller than threshold (5)
INFO: [Synth 8-5544] ROM "get_zone_y19" won't be mapped to Block RAM because address size (2) smaller than threshold (5)
INFO: [Synth 8-5544] ROM "get_zone_y21" won't be mapped to Block RAM because address size (2) smaller than threshold (5)
INFO: [Synth 8-5545] ROM "one_hz_clk_reg" won't be mapped to RAM because address size (26) is larger than maximum supported(25)
INFO: [Synth 8-5546] ROM "fast_hz_clk_reg" won't be mapped to RAM because it is too sparse
INFO: [Synth 8-5546] ROM "btn_hz_clk_reg" won't be mapped to RAM because it is too sparse
WARNING: [Synth 8-327] inferring latch for variable 'data_reg' [C:/Users/forsh/Desktop/Everything/Vivado_Labs/Lab_5_152_B3_29Nov/Lab_5_152_B3/Lab_5_152_B3.srcs/sources_1/imports/new/ascii_rom.v:19]
---------------------------------------------------------------------------------
Finished RTL Optimization Phase 2 : Time (s): cpu = 00:00:06 ; elapsed = 00:00:08 . Memory (MB): peak = 878.578 ; gain = 506.789
---------------------------------------------------------------------------------

Report RTL Partitions: 
+-+--------------+------------+----------+
| |RTL Partition |Replication |Instances |
+-+--------------+------------+----------+
+-+--------------+------------+----------+
---------------------------------------------------------------------------------
Start RTL Component Statistics 
---------------------------------------------------------------------------------
Detailed RTL Component Info : 
+---Adders : 
	   2 Input     26 Bit       Adders := 1     
	   2 Input     24 Bit       Adders := 1     
	   2 Input     20 Bit       Adders := 1     
	   3 Input     18 Bit       Adders := 5     
	   3 Input     14 Bit       Adders := 5     
	   3 Input     11 Bit       Adders := 28    
	   2 Input     10 Bit       Adders := 18    
	   3 Input     10 Bit       Adders := 6     
	   3 Input      7 Bit       Adders := 2     
	   3 Input      6 Bit       Adders := 2     
	   3 Input      5 Bit       Adders := 12    
	   2 Input      2 Bit       Adders := 1     
+---Registers : 
	               26 Bit    Registers := 1     
	               24 Bit    Registers := 1     
	               20 Bit    Registers := 1     
	               12 Bit    Registers := 4     
	               11 Bit    Registers := 1     
	               10 Bit    Registers := 2     
	                2 Bit    Registers := 5     
	                1 Bit    Registers := 7     
+---RAMs : 
	              12K Bit         RAMs := 2     
+---ROMs : 
	                              ROMs := 1     
+---Muxes : 
	   2 Input     26 Bit        Muxes := 1     
	   2 Input     24 Bit        Muxes := 1     
	   2 Input     20 Bit        Muxes := 1     
	   2 Input     12 Bit        Muxes := 5     
	   4 Input     12 Bit        Muxes := 1     
	   4 Input      9 Bit        Muxes := 12    
	 113 Input      8 Bit        Muxes := 1     
	   2 Input      5 Bit        Muxes := 1     
	   4 Input      4 Bit        Muxes := 2     
	   2 Input      1 Bit        Muxes := 5     
	 113 Input      1 Bit        Muxes := 1     
	  12 Input      1 Bit        Muxes := 1     
---------------------------------------------------------------------------------
Finished RTL Component Statistics 
---------------------------------------------------------------------------------
---------------------------------------------------------------------------------
Start RTL Hierarchical Component Statistics 
---------------------------------------------------------------------------------
Hierarchical RTL Component report 
Module top 
Detailed RTL Component Info : 
+---Registers : 
	               12 Bit    Registers := 1     
Module btn_debounce 
Detailed RTL Component Info : 
+---Registers : 
	                2 Bit    Registers := 1     
Module vga_controller 
Detailed RTL Component Info : 
+---Adders : 
	   2 Input     10 Bit       Adders := 2     
	   2 Input      2 Bit       Adders := 1     
+---Registers : 
	               10 Bit    Registers := 2     
	                2 Bit    Registers := 1     
	                1 Bit    Registers := 2     
+---Muxes : 
	   2 Input      1 Bit        Muxes := 1     
Module sprite_rom 
Detailed RTL Component Info : 
+---Registers : 
	               12 Bit    Registers := 1     
+---ROMs : 
	                              ROMs := 1     
Module textGeneration 
Detailed RTL Component Info : 
+---Adders : 
	   3 Input     11 Bit       Adders := 2     
	   2 Input     10 Bit       Adders := 2     
Module ascii_rom 
Detailed RTL Component Info : 
+---Registers : 
	               11 Bit    Registers := 1     
+---Muxes : 
	 113 Input      8 Bit        Muxes := 1     
	 113 Input      1 Bit        Muxes := 1     
	   2 Input      1 Bit        Muxes := 1     
Module pixel_gen 
Detailed RTL Component Info : 
+---Adders : 
	   3 Input     18 Bit       Adders := 5     
	   3 Input     14 Bit       Adders := 5     
	   3 Input     11 Bit       Adders := 12    
	   3 Input     10 Bit       Adders := 6     
	   3 Input      7 Bit       Adders := 2     
	   3 Input      6 Bit       Adders := 2     
	   3 Input      5 Bit       Adders := 12    
+---Registers : 
	               12 Bit    Registers := 2     
	                1 Bit    Registers := 2     
+---RAMs : 
	              12K Bit         RAMs := 2     
+---Muxes : 
	   2 Input     12 Bit        Muxes := 5     
	   4 Input     12 Bit        Muxes := 1     
	   4 Input      9 Bit        Muxes := 12    
	   2 Input      5 Bit        Muxes := 1     
	  12 Input      1 Bit        Muxes := 1     
Module clock_manager 
Detailed RTL Component Info : 
+---Adders : 
	   2 Input     26 Bit       Adders := 1     
	   2 Input     24 Bit       Adders := 1     
	   2 Input     20 Bit       Adders := 1     
+---Registers : 
	               26 Bit    Registers := 1     
	               24 Bit    Registers := 1     
	               20 Bit    Registers := 1     
	                1 Bit    Registers := 3     
+---Muxes : 
	   2 Input     26 Bit        Muxes := 1     
	   2 Input     24 Bit        Muxes := 1     
	   2 Input     20 Bit        Muxes := 1     
	   2 Input      1 Bit        Muxes := 3     
Module counter_basys 
Detailed RTL Component Info : 
+---Muxes : 
	   4 Input      4 Bit        Muxes := 2     
---------------------------------------------------------------------------------
Finished RTL Hierarchical Component Statistics
---------------------------------------------------------------------------------
---------------------------------------------------------------------------------
Start Part Resource Summary
---------------------------------------------------------------------------------
Part Resources:
DSPs: 90 (col length:60)
BRAMs: 100 (col length: RAMB18 60 RAMB36 30)
---------------------------------------------------------------------------------
Finished Part Resource Summary
---------------------------------------------------------------------------------
---------------------------------------------------------------------------------
Start Cross Boundary and Area Optimization
---------------------------------------------------------------------------------
Warning: Parallel synthesis criteria is not met 
INFO: [Synth 8-5546] ROM "rom1/data" won't be mapped to RAM because it is too sparse
WARNING: [Synth 8-6014] Unused sequential element clk_mgr/clk_div_one_reg was removed.  [C:/Users/forsh/Desktop/Everything/Vivado_Labs/Lab_5_152_B3_29Nov/Lab_5_152_B3/Lab_5_152_B3.srcs/sources_1/imports/new/clock_manager.v:35]
WARNING: [Synth 8-6014] Unused sequential element clk_mgr/one_hz_clk_reg_reg was removed.  [C:/Users/forsh/Desktop/Everything/Vivado_Labs/Lab_5_152_B3_29Nov/Lab_5_152_B3/Lab_5_152_B3.srcs/sources_1/imports/new/clock_manager.v:36]
WARNING: [Synth 8-6014] Unused sequential element clk_mgr/clk_div_fast_reg was removed.  [C:/Users/forsh/Desktop/Everything/Vivado_Labs/Lab_5_152_B3_29Nov/Lab_5_152_B3/Lab_5_152_B3.srcs/sources_1/imports/new/clock_manager.v:45]
WARNING: [Synth 8-6014] Unused sequential element clk_mgr/fast_hz_clk_reg_reg was removed.  [C:/Users/forsh/Desktop/Everything/Vivado_Labs/Lab_5_152_B3_29Nov/Lab_5_152_B3/Lab_5_152_B3.srcs/sources_1/imports/new/clock_manager.v:46]
INFO: [Synth 8-5546] ROM "vga/v_count_reg" won't be mapped to RAM because it is too sparse
INFO: [Synth 8-5546] ROM "clk_mgr/btn_hz_clk_reg" won't be mapped to RAM because it is too sparse
WARNING: [Synth 8-3917] design top has port dp driven by constant 1
INFO: [Synth 8-3333] propagating constant 0 across sequential element (\pg/rom1/data_reg[0] )
WARNING: [Synth 8-3332] Sequential element (pg/rom1/data_reg[0]) is unused and will be removed from module top.
---------------------------------------------------------------------------------
Finished Cross Boundary and Area Optimization : Time (s): cpu = 00:00:08 ; elapsed = 00:00:10 . Memory (MB): peak = 878.578 ; gain = 506.789
---------------------------------------------------------------------------------
---------------------------------------------------------------------------------
Start ROM, RAM, DSP and Shift Register Reporting
---------------------------------------------------------------------------------

ROM:
+------------+-------------+---------------+----------------+
|Module Name | RTL Object  | Depth x Width | Implemented As | 
+------------+-------------+---------------+----------------+
|sprite_rom  | rgb_out_reg | 4096x12       | Block RAM      | 
+------------+-------------+---------------+----------------+


Block RAM: Preliminary Mapping  Report (see note below)
+------------+----------------+------------------------+---+---+------------------------+---+---+------------------+--------+--------+
|Module Name | RTL Object     | PORT A (Depth x Width) | W | R | PORT B (Depth x Width) | W | R | Ports driving FF | RAMB18 | RAMB36 | 
+------------+----------------+------------------------+---+---+------------------------+---+---+------------------+--------+--------+
|pixel_gen:  | wyvern_ram_reg | 1 K x 12(READ_FIRST)   | W |   | 1 K x 12(WRITE_FIRST)  |   | R | Port A and B     | 1      | 0      | 
|pixel_gen:  | player_ram_reg | 1 K x 12(READ_FIRST)   | W |   | 1 K x 12(WRITE_FIRST)  |   | R | Port A and B     | 1      | 0      | 
+------------+----------------+------------------------+---+---+------------------------+---+---+------------------+--------+--------+

Note: The tale above is a preliminary report that shows the Block RAMs at the current stage of the synthesis flow. Some Block RAMs may be reimplemented as non Block RAM primitives later in the synthesis flow. Multiple instantiated Block RAMs are reported only once. 
---------------------------------------------------------------------------------
Finished ROM, RAM, DSP and Shift Register Reporting
---------------------------------------------------------------------------------
INFO: [Synth 8-4480] The timing for the instance i_0/pg/sprites/rgb_out_reg_0 (implemented as a block RAM) might be sub-optimal as no optional output register could be merged into the block ram. Providing additional output register may help in improving timing.
INFO: [Synth 8-4480] The timing for the instance i_0/pg/sprites/rgb_out_reg_1 (implemented as a block RAM) might be sub-optimal as no optional output register could be merged into the block ram. Providing additional output register may help in improving timing.
INFO: [Synth 8-4480] The timing for the instance i_1/pg/wyvern_ram_reg (implemented as a block RAM) might be sub-optimal as no optional output register could be merged into the block ram. Providing additional output register may help in improving timing.
INFO: [Synth 8-4480] The timing for the instance i_2/pg/player_ram_reg (implemented as a block RAM) might be sub-optimal as no optional output register could be merged into the block ram. Providing additional output register may help in improving timing.

Report RTL Partitions: 
+-+--------------+------------+----------+
| |RTL Partition |Replication |Instances |
+-+--------------+------------+----------+
+-+--------------+------------+----------+
---------------------------------------------------------------------------------
Start Applying XDC Timing Constraints
---------------------------------------------------------------------------------
INFO: [Synth 8-5578] Moved timing constraint from pin 'mb_system/Game_Design_i/clk_wiz_0/clk_out1' to pin 'mb_system/Game_Design_i/clk_wiz_0/bbstub_clk_out1/O'
INFO: [Synth 8-5578] Moved timing constraint from pin 'mb_system/Game_Design_i/mdm_1/Dbg_Clk_0' to pin 'mb_system/Game_Design_i/mdm_1/bbstub_Dbg_Clk_0/O'
INFO: [Synth 8-5578] Moved timing constraint from pin 'mb_system/Game_Design_i/mdm_1/Dbg_Update_0' to pin 'mb_system/Game_Design_i/mdm_1/bbstub_Dbg_Update_0/O'
INFO: [Synth 8-5578] Moved timing constraint from pin 'mb_system/Game_Design_i/microblaze_0_local_memory/dlmb_bram_if_cntlr/BRAM_Clk_A' to pin 'mb_system/Game_Design_i/microblaze_0_local_memory/dlmb_bram_if_cntlr/bbstub_BRAM_Clk_A/O'
INFO: [Synth 8-5578] Moved timing constraint from pin 'mb_system/Game_Design_i/microblaze_0_local_memory/ilmb_bram_if_cntlr/BRAM_Clk_A' to pin 'mb_system/Game_Design_i/microblaze_0_local_memory/ilmb_bram_if_cntlr/bbstub_BRAM_Clk_A/O'
INFO: [Synth 8-5819] Moved 5 constraints on hierarchical pins to their respective driving/loading pins
---------------------------------------------------------------------------------
Finished Applying XDC Timing Constraints : Time (s): cpu = 00:00:12 ; elapsed = 00:00:15 . Memory (MB): peak = 878.578 ; gain = 506.789
---------------------------------------------------------------------------------
---------------------------------------------------------------------------------
Start Timing Optimization
---------------------------------------------------------------------------------
---------------------------------------------------------------------------------
Finished Timing Optimization : Time (s): cpu = 00:00:14 ; elapsed = 00:00:17 . Memory (MB): peak = 962.137 ; gain = 590.348
---------------------------------------------------------------------------------
---------------------------------------------------------------------------------
Start ROM, RAM, DSP and Shift Register Reporting
---------------------------------------------------------------------------------

Block RAM: Final Mapping  Report
+------------+----------------+------------------------+---+---+------------------------+---+---+------------------+--------+--------+
|Module Name | RTL Object     | PORT A (Depth x Width) | W | R | PORT B (Depth x Width) | W | R | Ports driving FF | RAMB18 | RAMB36 | 
+------------+----------------+------------------------+---+---+------------------------+---+---+------------------+--------+--------+
|pixel_gen:  | wyvern_ram_reg | 1 K x 12(READ_FIRST)   | W |   | 1 K x 12(WRITE_FIRST)  |   | R | Port A and B     | 1      | 0      | 
|pixel_gen:  | player_ram_reg | 1 K x 12(READ_FIRST)   | W |   | 1 K x 12(WRITE_FIRST)  |   | R | Port A and B     | 1      | 0      | 
+------------+----------------+------------------------+---+---+------------------------+---+---+------------------+--------+--------+

---------------------------------------------------------------------------------
Finished ROM, RAM, DSP and Shift Register Reporting
---------------------------------------------------------------------------------

Report RTL Partitions: 
+-+--------------+------------+----------+
| |RTL Partition |Replication |Instances |
+-+--------------+------------+----------+
+-+--------------+------------+----------+
---------------------------------------------------------------------------------
Start Technology Mapping
---------------------------------------------------------------------------------
INFO: [Synth 8-4480] The timing for the instance pg/sprites/rgb_out_reg_0 (implemented as a block RAM) might be sub-optimal as no optional output register could be merged into the block ram. Providing additional output register may help in improving timing.
INFO: [Synth 8-4480] The timing for the instance pg/sprites/rgb_out_reg_1 (implemented as a block RAM) might be sub-optimal as no optional output register could be merged into the block ram. Providing additional output register may help in improving timing.
INFO: [Synth 8-4480] The timing for the instance pg/wyvern_ram_reg (implemented as a block RAM) might be sub-optimal as no optional output register could be merged into the block ram. Providing additional output register may help in improving timing.
INFO: [Synth 8-4480] The timing for the instance pg/player_ram_reg (implemented as a block RAM) might be sub-optimal as no optional output register could be merged into the block ram. Providing additional output register may help in improving timing.
---------------------------------------------------------------------------------
Finished Technology Mapping : Time (s): cpu = 00:00:15 ; elapsed = 00:00:17 . Memory (MB): peak = 963.207 ; gain = 591.418
---------------------------------------------------------------------------------

Report RTL Partitions: 
+-+--------------+------------+----------+
| |RTL Partition |Replication |Instances |
+-+--------------+------------+----------+
+-+--------------+------------+----------+
---------------------------------------------------------------------------------
Start IO Insertion
---------------------------------------------------------------------------------
---------------------------------------------------------------------------------
Start Flattening Before IO Insertion
---------------------------------------------------------------------------------
---------------------------------------------------------------------------------
Finished Flattening Before IO Insertion
---------------------------------------------------------------------------------
---------------------------------------------------------------------------------
Start Final Netlist Cleanup
---------------------------------------------------------------------------------
INFO: [Synth 8-5365] Flop vga/h_sync_reg_reg is being inverted and renamed to vga/h_sync_reg_reg_inv.
---------------------------------------------------------------------------------
Finished Final Netlist Cleanup
---------------------------------------------------------------------------------
---------------------------------------------------------------------------------
Finished IO Insertion : Time (s): cpu = 00:00:15 ; elapsed = 00:00:18 . Memory (MB): peak = 963.207 ; gain = 591.418
---------------------------------------------------------------------------------

Report Check Netlist: 
+------+------------------+-------+---------+-------+------------------+
|      |Item              |Errors |Warnings |Status |Description       |
+------+------------------+-------+---------+-------+------------------+
|1     |multi_driven_nets |      0|        0|Passed |Multi driven nets |
+------+------------------+-------+---------+-------+------------------+
---------------------------------------------------------------------------------
Start Renaming Generated Instances
---------------------------------------------------------------------------------
---------------------------------------------------------------------------------
Finished Renaming Generated Instances : Time (s): cpu = 00:00:15 ; elapsed = 00:00:18 . Memory (MB): peak = 963.207 ; gain = 591.418
---------------------------------------------------------------------------------

Report RTL Partitions: 
+-+--------------+------------+----------+
| |RTL Partition |Replication |Instances |
+-+--------------+------------+----------+
+-+--------------+------------+----------+
---------------------------------------------------------------------------------
Start Rebuilding User Hierarchy
---------------------------------------------------------------------------------
---------------------------------------------------------------------------------
Finished Rebuilding User Hierarchy : Time (s): cpu = 00:00:15 ; elapsed = 00:00:18 . Memory (MB): peak = 963.207 ; gain = 591.418
---------------------------------------------------------------------------------
---------------------------------------------------------------------------------
Start Renaming Generated Ports
---------------------------------------------------------------------------------
---------------------------------------------------------------------------------
Finished Renaming Generated Ports : Time (s): cpu = 00:00:15 ; elapsed = 00:00:18 . Memory (MB): peak = 963.207 ; gain = 591.418
---------------------------------------------------------------------------------
---------------------------------------------------------------------------------
Start Handling Custom Attributes
---------------------------------------------------------------------------------
---------------------------------------------------------------------------------
Finished Handling Custom Attributes : Time (s): cpu = 00:00:15 ; elapsed = 00:00:18 . Memory (MB): peak = 963.207 ; gain = 591.418
---------------------------------------------------------------------------------
---------------------------------------------------------------------------------
Start Renaming Generated Nets
---------------------------------------------------------------------------------
---------------------------------------------------------------------------------
Finished Renaming Generated Nets : Time (s): cpu = 00:00:15 ; elapsed = 00:00:18 . Memory (MB): peak = 963.207 ; gain = 591.418
---------------------------------------------------------------------------------
---------------------------------------------------------------------------------
Start Writing Synthesis Report
---------------------------------------------------------------------------------

Report BlackBoxes: 
+------+---------------------------------+----------+
|      |BlackBox name                    |Instances |
+------+---------------------------------+----------+
|1     |Game_Design_xbar_0               |         1|
|2     |Game_Design_axi_uartlite_0_0     |         1|
|3     |Game_Design_clk_wiz_0_0          |         1|
|4     |Game_Design_mdm_1_0              |         1|
|5     |Game_Design_microblaze_0_0       |         1|
|6     |Game_Design_myip_0_1             |         1|
|7     |Game_Design_rst_clk_wiz_0_100M_0 |         1|
|8     |Game_Design_axi_gpio_0_0         |         1|
|9     |Game_Design_dlmb_bram_if_cntlr_0 |         1|
|10    |Game_Design_dlmb_v10_0           |         1|
|11    |Game_Design_ilmb_bram_if_cntlr_0 |         1|
|12    |Game_Design_ilmb_v10_0           |         1|
|13    |Game_Design_lmb_bram_0           |         1|
+------+---------------------------------+----------+

Report Cell Usage: 
+------+---------------------------------+------+
|      |Cell                             |Count |
+------+---------------------------------+------+
|1     |Game_Design_axi_gpio_0_0         |     1|
|2     |Game_Design_axi_uartlite_0_0     |     1|
|3     |Game_Design_clk_wiz_0_0          |     1|
|4     |Game_Design_dlmb_bram_if_cntlr_0 |     1|
|5     |Game_Design_dlmb_v10_0           |     1|
|6     |Game_Design_ilmb_bram_if_cntlr_0 |     1|
|7     |Game_Design_ilmb_v10_0           |     1|
|8     |Game_Design_lmb_bram_0           |     1|
|9     |Game_Design_mdm_1_0              |     1|
|10    |Game_Design_microblaze_0_0       |     1|
|11    |Game_Design_myip_0_1             |     1|
|12    |Game_Design_rst_clk_wiz_0_100M_0 |     1|
|13    |Game_Design_xbar_0               |     1|
|14    |CARRY4                           |   150|
|15    |LUT1                             |    42|
|16    |LUT2                             |   362|
|17    |LUT3                             |   126|
|18    |LUT4                             |   218|
|19    |LUT5                             |    54|
|20    |LUT6                             |    82|
|21    |MUXF7                            |     8|
|22    |MUXF8                            |     3|
|23    |RAMB18E1                         |     1|
|24    |RAMB18E1_1                       |     2|
|25    |RAMB36E1                         |     1|
|26    |FDPE                             |     8|
|27    |FDRE                             |    87|
|28    |FDSE                             |     4|
|29    |LD                               |     7|
|30    |IBUF                             |     4|
|31    |OBUF                             |    26|
+------+---------------------------------+------+

Report Instance Areas: 
+------+--------------------------------+--------------------------------------+------+
|      |Instance                        |Module                                |Cells |
+------+--------------------------------+--------------------------------------+------+
|1     |top                             |                                      |  2902|
|2     |  clk_mgr                       |clock_manager                         |    40|
|3     |  d_down                        |btn_debounce                          |     2|
|4     |  d_rst                         |btn_debounce_0                        |     2|
|5     |  d_start                       |btn_debounce_1                        |     2|
|6     |  d_up                          |btn_debounce_2                        |     2|
|7     |  mb_system                     |Game_Design_wrapper                   |  2077|
|8     |    Game_Design_i               |Game_Design                           |  1717|
|9     |      microblaze_0_axi_periph   |Game_Design_microblaze_0_axi_periph_0 |   374|
|10    |      microblaze_0_local_memory |microblaze_0_local_memory_imp_YW9NQL  |   496|
|11    |  pg                            |pixel_gen                             |   244|
|12    |    rom1                        |ascii_rom                             |    55|
|13    |    sprites                     |sprite_rom                            |    18|
|14    |  u_counter_basys               |counter_basys                         |    27|
|15    |  vga                           |vga_controller                        |   464|
+------+--------------------------------+--------------------------------------+------+
---------------------------------------------------------------------------------
Finished Writing Synthesis Report : Time (s): cpu = 00:00:15 ; elapsed = 00:00:18 . Memory (MB): peak = 963.207 ; gain = 591.418
---------------------------------------------------------------------------------
Synthesis finished with 0 errors, 0 critical warnings and 125 warnings.
Synthesis Optimization Runtime : Time (s): cpu = 00:00:11 ; elapsed = 00:00:13 . Memory (MB): peak = 963.207 ; gain = 245.469
Synthesis Optimization Complete : Time (s): cpu = 00:00:15 ; elapsed = 00:00:18 . Memory (MB): peak = 963.207 ; gain = 591.418
INFO: [Project 1-571] Translating synthesized netlist
INFO: [Netlist 29-17] Analyzing 176 Unisim elements for replacement
INFO: [Netlist 29-28] Unisim Transformation completed in 0 CPU seconds
INFO: [Project 1-570] Preparing netlist for logic optimization
INFO: [Opt 31-140] Inserted 1 IBUFs to IO ports without IO buffers.
INFO: [Opt 31-138] Pushed 0 inverter(s) to 0 load pin(s).
INFO: [Project 1-111] Unisim Transformation Summary:
  A total of 7 instances were transformed.
  LD => LDCE: 7 instances

INFO: [Common 17-83] Releasing license: Synthesis
128 Infos, 128 Warnings, 0 Critical Warnings and 0 Errors encountered.
synth_design completed successfully
synth_design: Time (s): cpu = 00:00:17 ; elapsed = 00:00:20 . Memory (MB): peak = 963.207 ; gain = 598.340
WARNING: [Constraints 18-5210] No constraint will be written out.
INFO: [Common 17-1381] The checkpoint 'C:/Users/forsh/Desktop/Everything/Vivado_Labs/Lab_5_152_B3_29Nov/Lab_5_152_B3/Lab_5_152_B3.runs/synth_1/top.dcp' has been generated.
INFO: [runtcl-4] Executing : report_utilization -file top_utilization_synth.rpt -pb top_utilization_synth.pb
report_utilization: Time (s): cpu = 00:00:00 ; elapsed = 00:00:00.011 . Memory (MB): peak = 963.207 ; gain = 0.000
INFO: [Common 17-206] Exiting Vivado at Tue Dec  2 22:59:24 2025...
