Copyright 1986-2018 Xilinx, Inc. All Rights Reserved.
--------------------------------------------------------------------------------------
| Tool Version : Vivado v.2018.2.2 (win64) Build 2348494 Mon Oct  1 18:25:44 MDT 2018
| Date         : Tue Nov 25 23:07:24 2025
| Host         : RSA_PC running 64-bit major release  (build 9200)
| Command      : upgrade_ip
| Device       : xc7a35tcpg236-1
--------------------------------------------------------------------------------------

Upgrade Log for IP 'Game_Design_myip_0_1'

1. Summary
----------

CAUTION (success, with warnings) in the upgrade of Game_Design_myip_0_1 (xilinx.com:user:myip:1.0) from (Rev. 3) to (Rev. 4)

After upgrade, an IP may have parameter and port differences compared to the original customization. Please review the parameters within the IP customization GUI to ensure proper functionality. Also, please review the updated IP instantiation template to ensure proper connectivity, and update your design if required.

2. Connection Warnings
----------------------

Detected external port differences while upgrading 'Game_Design_myip_0_1'. These changes may impact your design.


-Upgrade has added port 'reg_GPU_bus0'

-Upgrade has added port 'reg_GPU_bus1'

-Upgrade has added port 'reg_GPU_bus2'

-Upgrade has added port 'reg_GPU_bus3'

-Upgrade has added port 'reg_GPU_bus4'

-Upgrade has added port 'reg_GPU_bus5'

-Upgrade has added port 'reg_GPU_bus6'

-Upgrade has added port 'reg_GPU_bus7'


