#-----------------------------------------------------------
# Vivado v2018.2.2 (64-bit)
# SW Build 2348494 on Mon Oct  1 18:25:44 MDT 2018
# IP Build 2318053 on Mon Oct  1 21:44:26 MDT 2018
# Start of session at: Wed Dec  3 18:31:44 2025
# Process ID: 14124
# Current directory: C:/Users/forsh/Desktop/Everything/Vivado_Labs/Lab_5_152_B3_29Nov/Lab_5_152_B3
# Command line: vivado.exe -gui_launcher_event rodinguilauncherevent2656 C:\Users\forsh\Desktop\Everything\Vivado_Labs\Lab_5_152_B3_29Nov\Lab_5_152_B3\Lab_5_152_B3.xpr
# Log file: C:/Users/forsh/Desktop/Everything/Vivado_Labs/Lab_5_152_B3_29Nov/Lab_5_152_B3/vivado.log
# Journal file: C:/Users/forsh/Desktop/Everything/Vivado_Labs/Lab_5_152_B3_29Nov/Lab_5_152_B3\vivado.jou
#-----------------------------------------------------------
start_gui
open_project C:/Users/forsh/Desktop/Everything/Vivado_Labs/Lab_5_152_B3_29Nov/Lab_5_152_B3/Lab_5_152_B3.xpr
Scanning sources...
Finished scanning sources
INFO: [IP_Flow 19-234] Refreshing IP repositories
INFO: [IP_Flow 19-1700] Loaded user IP repository 'c:/Users/forsh/Desktop/Everything/Vivado_Labs/Lab_5_152_B3_29Nov/ip_repo/myip_1.0'.
WARNING: [IP_Flow 19-2207] Repository 'c:/Users/forsh/Desktop/Everything/Vivado_Labs/Lab_5_152_B3_29Nov/ip_repo/myip_1.0' already exists; ignoring attempt to add it again.
INFO: [IP_Flow 19-1700] Loaded user IP repository 'c:/Users/forsh/Desktop/Everything/Vivado_Labs/Lab_5_152_B3_29Nov/ip_repo/myip_1.0'.
WARNING: [IP_Flow 19-2207] Repository 'c:/Users/forsh/Desktop/Everything/Vivado_Labs/Lab_5_152_B3_29Nov/ip_repo/myip_1.0' already exists; ignoring attempt to add it again.
INFO: [IP_Flow 19-1700] Loaded user IP repository 'c:/Users/forsh/Desktop/Everything/Vivado_Labs/Lab_5_152_B3_29Nov/ip_repo/myip_1.0'.
WARNING: [IP_Flow 19-2207] Repository 'c:/Users/forsh/Desktop/Everything/Vivado_Labs/Lab_5_152_B3_29Nov/ip_repo/myip_1.0' already exists; ignoring attempt to add it again.
INFO: [IP_Flow 19-1700] Loaded user IP repository 'c:/Users/forsh/Desktop/Everything/Vivado_Labs/Lab_5_152_B3_29Nov/ip_repo/myip_1.0'.
WARNING: [IP_Flow 19-2207] Repository 'c:/Users/forsh/Desktop/Everything/Vivado_Labs/Lab_5_152_B3_29Nov/ip_repo/myip_1.0' already exists; ignoring attempt to add it again.
INFO: [IP_Flow 19-1700] Loaded user IP repository 'c:/Users/forsh/Desktop/Everything/Vivado_Labs/Lab_5_152_B3_29Nov/ip_repo/myip_1.0'.
WARNING: [IP_Flow 19-2207] Repository 'c:/Users/forsh/Desktop/Everything/Vivado_Labs/Lab_5_152_B3_29Nov/ip_repo/myip_1.0' already exists; ignoring attempt to add it again.
INFO: [IP_Flow 19-1700] Loaded user IP repository 'c:/Users/forsh/Desktop/Everything/Vivado_Labs/Lab_5_152_B3_29Nov/ip_repo/myip_1.0'.
WARNING: [IP_Flow 19-2207] Repository 'c:/Users/forsh/Desktop/Everything/Vivado_Labs/Lab_5_152_B3_29Nov/ip_repo/myip_1.0' already exists; ignoring attempt to add it again.
INFO: [IP_Flow 19-1700] Loaded user IP repository 'c:/Users/forsh/Desktop/Everything/Vivado_Labs/Lab_5_152_B3_29Nov/ip_repo/myip_1.0'.
WARNING: [IP_Flow 19-2207] Repository 'c:/Users/forsh/Desktop/Everything/Vivado_Labs/Lab_5_152_B3_29Nov/ip_repo/myip_1.0' already exists; ignoring attempt to add it again.
INFO: [IP_Flow 19-1700] Loaded user IP repository 'c:/Users/forsh/Desktop/Everything/Vivado_Labs/Lab_5_152_B3_29Nov/ip_repo/myip_1.0'.
INFO: [IP_Flow 19-1700] Loaded user IP repository 'c:/Users/forsh/Desktop/Everything/Vivado_Labs/Lab_5_152_B3_29Nov/Lab_5_152_B3/Lab_5_152_B3.srcs'.
INFO: [IP_Flow 19-2313] Loaded Vivado IP repository 'C:/Xilinx/Vivado/2018.2/data/ip'.
CRITICAL WARNING: [IP_Flow 19-1663] Duplicate IP found for 'xilinx.com:module_ref:top:1.0'. The one found in IP location 'c:/Users/forsh/Desktop/Everything/Vivado_Labs/Lab_5_152_B3_29Nov/Lab_5_152_B3/Lab_5_152_B3.srcs/sources_1/bd/mref/top' will take precedence over the same IP in location c:/Users/forsh/Desktop/Everything/Vivado_Labs/Lab_5_152_B3_29Nov/Lab_5_152_B3/Lab_5_152_B3.srcs/sources_1/bd/mref/top
open_project: Time (s): cpu = 00:00:11 ; elapsed = 00:00:09 . Memory (MB): peak = 1036.520 ; gain = 262.781
update_compile_order -fileset sources_1
launch_sdk -workspace C:/Users/forsh/Desktop/Everything/Vivado_Labs/Lab_5_152_B3_29Nov/Lab_5_152_B3/Lab_5_152_B3.sdk -hwspec C:/Users/forsh/Desktop/Everything/Vivado_Labs/Lab_5_152_B3_29Nov/Lab_5_152_B3/Lab_5_152_B3.sdk/top.hdf
INFO: [Vivado 12-393] Launching SDK...
INFO: [Vivado 12-417] Running xsdk -workspace C:/Users/forsh/Desktop/Everything/Vivado_Labs/Lab_5_152_B3_29Nov/Lab_5_152_B3/Lab_5_152_B3.sdk -hwspec C:/Users/forsh/Desktop/Everything/Vivado_Labs/Lab_5_152_B3_29Nov/Lab_5_152_B3/Lab_5_152_B3.sdk/top.hdf
INFO: [Vivado 12-3157] SDK launch initiated. Please check console for any further messages.
exit
INFO: [Common 17-206] Exiting Vivado at Wed Dec  3 20:35:05 2025...
